#
# There is insufficient memory for the Java Runtime Environment to continue.
# Native memory allocation (mmap) failed to map 65536 bytes. Error detail: Failed to commit metaspace.
# Possible reasons:
#   The system is out of physical RAM or swap space
#   This process is running with CompressedOops enabled, and the Java Heap may be blocking the growth of the native heap
# Possible solutions:
#   Reduce memory load on the system
#   Increase physical memory or swap space
#   Check if swap backing store is full
#   Decrease Java heap size (-Xmx/-Xms)
#   Decrease number of Java threads
#   Decrease Java thread stack sizes (-Xss)
#   Set larger code cache with -XX:ReservedCodeCacheSize=
#   JVM is running with Zero Based Compressed Oops mode in which the Java heap is
#     placed in the first 32GB address space. The Java Heap base address is the
#     maximum limit for the native heap growth. Please use -XX:HeapBaseMinAddress
#     to set the Java Heap base and to place the Java Heap above 32GB virtual address.
# This output file may be truncated or incomplete.
#
#  Out of Memory Error (virtualSpaceNode.cpp:113), pid=22132, tid=21084
#
# JRE version: OpenJDK Runtime Environment (24.0.2+12) (build 24.0.2+12-54)
# Java VM: OpenJDK 64-Bit Server VM (24.0.2+12-54, mixed mode, emulated-client, sharing, tiered, compressed oops, compressed class ptrs, g1 gc, windows-amd64)
# No core dump will be written. Minidumps are not enabled by default on client versions of Windows
#

---------------  S U M M A R Y ------------

Command Line: -XX:TieredStopAtLevel=1 -Dspring.output.ansi.enabled=always -Dcom.sun.management.jmxremote -Dspring.jmx.enabled=true -Dspring.liveBeansView.mbeanDomain -Dspring.application.admin.enabled=true -Dmanagement.endpoints.jmx.exposure.include=* -javaagent:D:\Jetbrains\IntelliJ IDEA 2024.3.3\lib\idea_rt.jar=61317:D:\Jetbrains\IntelliJ IDEA 2024.3.3\bin -Dfile.encoding=UTF-8 -Dsun.stdout.encoding=UTF-8 -Dsun.stderr.encoding=UTF-8 com.oopproject.grademaster.GrademasterApplication

Host: Intel(R) Core(TM) i5-10300H CPU @ 2.50GHz, 8 cores, 15G,  Windows 11 , 64 bit Build 22621 (10.0.22621.5415)
Time: Sat Nov 22 01:20:47 2025 Malay Peninsula Standard Time elapsed time: 0.178197 seconds (0d 0h 0m 0s)

---------------  T H R E A D  ---------------

Current thread (0x0000029c6a7ba3c0):  JavaThread "main"             [_thread_in_vm, id=21084, stack(0x000000ef75300000,0x000000ef75400000) (1024K)]

Stack: [0x000000ef75300000,0x000000ef75400000]
Native frames: (J=compiled Java code, j=interpreted, Vv=VM code, C=native code)
V  [jvm.dll+0x730829]  (no source info available)
V  [jvm.dll+0x8d9da3]  (no source info available)
V  [jvm.dll+0x8dc28d]  (no source info available)
V  [jvm.dll+0x8dc903]  (no source info available)
V  [jvm.dll+0x2a9f56]  (no source info available)
V  [jvm.dll+0x8d595e]  (no source info available)
V  [jvm.dll+0x6cce45]  (no source info available)
V  [jvm.dll+0x6cceaa]  (no source info available)
V  [jvm.dll+0x6cf8c0]  (no source info available)
V  [jvm.dll+0x6cf627]  (no source info available)
V  [jvm.dll+0x24c68c]  (no source info available)
V  [jvm.dll+0x6cd868]  (no source info available)
V  [jvm.dll+0x28f7ef]  (no source info available)
V  [jvm.dll+0x6d8ae4]  (no source info available)
V  [jvm.dll+0x23abab]  (no source info available)
V  [jvm.dll+0x23affa]  (no source info available)
V  [jvm.dll+0x23b9e4]  (no source info available)
V  [jvm.dll+0x2314d4]  (no source info available)
V  [jvm.dll+0x5fffa3]  (no source info available)
V  [jvm.dll+0x24384d]  (no source info available)
V  [jvm.dll+0x84a93e]  (no source info available)
V  [jvm.dll+0x84baf8]  (no source info available)
V  [jvm.dll+0x84c043]  (no source info available)
V  [jvm.dll+0x4bcb18]  (no source info available)
C  [java.dll+0x19f9]  (no source info available)
C  0x0000029c7304c867  (no source info available)

The last pc belongs to native method entry point (kind = native) (printed below).
Java frames: (J=compiled Java code, j=interpreted, Vv=VM code)
j  java.lang.ClassLoader.findBootstrapClass(Ljava/lang/String;)Ljava/lang/Class;+0 java.base@24.0.2
j  java.lang.ClassLoader.findBootstrapClassOrNull(Ljava/lang/String;)Ljava/lang/Class;+10 java.base@24.0.2
j  java.lang.System$1.findBootstrapClassOrNull(Ljava/lang/String;)Ljava/lang/Class;+1 java.base@24.0.2
j  jdk.internal.loader.ClassLoaders$BootClassLoader.loadClassOrNull(Ljava/lang/String;Z)Ljava/lang/Class;+4 java.base@24.0.2
j  jdk.internal.loader.BuiltinClassLoader.loadClassOrNull(Ljava/lang/String;)Ljava/lang/Class;+3 java.base@24.0.2
j  jdk.internal.loader.BuiltinClassLoader.loadClassOrNull(Ljava/lang/String;Z)Ljava/lang/Class;+66 java.base@24.0.2
j  jdk.internal.loader.BuiltinClassLoader.loadClass(Ljava/lang/String;Z)Ljava/lang/Class;+3 java.base@24.0.2
j  java.lang.ClassLoader.loadClass(Ljava/lang/String;)Ljava/lang/Class;+3 java.base@24.0.2
v  ~StubRoutines::call_stub 0x0000029c73040fcd
Lock stack of current Java thread (top to bottom):
LockStack[0]: java.lang.Object 
{0x000000071254ed10} - klass: 'java/lang/Object' - flags: 

 - ---- fields (total size 2 words):

native method entry point (kind = native)  [0x0000029c7304c4c0, 0x0000029c7304cec0]  2560 bytes
[MachCode]
  0x0000029c7304c4c0: 488b 4b08 | 0fb7 492e | 584c 8d74 | ccf8 6800 | 0000 0068 | 0000 0000 | 5055 488b | ec41 5568 
  0x0000029c7304c4e0: 0000 0000 | 4c8b 6b08 | 4d8d 6d38 | 5348 8b53 | 0848 8b52 | 0848 8b52 | 1848 8b52 | 7048 8b12 
  0x0000029c7304c500: 5268 0000 | 0000 488b | 5308 488b | 5208 488b | 5210 5249 | 8bc6 482b | c548 c1e8 | 0350 6800 
  0x0000029c7304c520: 0000 0068 | f7ff ffff | 41c6 8771 | 0400 0001 | 488b 4318 | 4885 c00f | 85b0 0000 | 00e8 0500 
  0x0000029c7304c540: 0000 e999 | 0000 0048 | 8bd3 488d | 4424 084c | 896d c049 | 8bcf c5f8 | 7749 89af | b803 0000 
  0x0000029c7304c560: 4989 87a8 | 0300 0048 | 83ec 2040 | f6c4 0f0f | 8419 0000 | 0048 83ec | 0848 b8a0 | 2f83 70fa 
  0x0000029c7304c580: 7f00 00ff | d048 83c4 | 08e9 0c00 | 0000 48b8 | a02f 8370 | fa7f 0000 | ffd0 4883 | c420 49c7 
  0x0000029c7304c5a0: 87a8 0300 | 0000 0000 | 0049 c787 | b803 0000 | 0000 0000 | 49c7 87b0 | 0300 0000 | 0000 00c5 
  0x0000029c7304c5c0: f877 4983 | 7f08 000f | 8405 0000 | 00e9 ee48 | ffff 4c8b | 6dc0 4c8b | 75c8 4e8d | 74f5 00c3 
  0x0000029c7304c5e0: 488b 4318 | 4885 c00f | 8410 0000 | 008b 0883 | c102 8908 | 2348 140f | 8412 0800 | 0049 3ba7 
  0x0000029c7304c600: f004 0000 | 0f87 4800 | 0000 8984 | 2400 f0ff | ff89 8424 | 00e0 ffff | 8984 2400 | d0ff ff89 
  0x0000029c7304c620: 8424 00c0 | ffff 8984 | 2400 b0ff | ff89 8424 | 00a0 ffff | 8984 2400 | 90ff ff89 | 8424 0080 
  0x0000029c7304c640: ffff 493b | a7e8 0400 | 0076 0749 | 89a7 f004 | 0000 41c6 | 8771 0400 | 0000 488b | 5de8 4c8b 
  0x0000029c7304c660: 5b08 450f | b75b 2e41 | c1e3 0349 | 2be3 4883 | ec20 4883 | e4f0 4c8b | 5b60 4d85 | db0f 85ab 
  0x0000029c7304c680: 0000 00e8 | 0500 0000 | e999 0000 | 0048 8bd3 | 488d 4424 | 084c 896d | c049 8bcf | c5f8 7749 
  0x0000029c7304c6a0: 89af b803 | 0000 4989 | 87a8 0300 | 0048 83ec | 2040 f6c4 | 0f0f 8419 | 0000 0048 | 83ec 0848 
  0x0000029c7304c6c0: b8e0 5983 | 70fa 7f00 | 00ff d048 | 83c4 08e9 | 0c00 0000 | 48b8 e059 | 8370 fa7f | 0000 ffd0 
  0x0000029c7304c6e0: 4883 c420 | 49c7 87a8 | 0300 0000 | 0000 0049 | c787 b803 | 0000 0000 | 0000 49c7 | 87b0 0300 
  0x0000029c7304c700: 0000 0000 | 00c5 f877 | 4983 7f08 | 000f 8405 | 0000 00e9 | a847 ffff | 4c8b 6dc0 | 4c8b 75c8 
  0x0000029c7304c720: 4e8d 74f5 | 00c3 488b | 5de8 4c8b | 5b60 41ff | d348 8b5d | e848 8945 | 1844 8b5b | 2841 f6c3 
  0x0000029c7304c740: 080f 841b | 0000 004c | 8b5b 084d | 8b5b 084d | 8b5b 184d | 8b5b 704d | 8b1b 4c89 | 5d10 488d 
  0x0000029c7304c760: 5510 488b | 4358 49ba | f072 bc70 | fa7f 0000 | 493b c20f | 85ab 0000 | 00e8 0500 | 0000 e999 
  0x0000029c7304c780: 0000 0048 | 8bd3 488d | 4424 084c | 896d c049 | 8bcf c5f8 | 7749 89af | b803 0000 | 4989 87a8 
  0x0000029c7304c7a0: 0300 0048 | 83ec 2040 | f6c4 0f0f | 8419 0000 | 0048 83ec | 0848 b8e0 | 5983 70fa | 7f00 00ff 
  0x0000029c7304c7c0: d048 83c4 | 08e9 0c00 | 0000 48b8 | e059 8370 | fa7f 0000 | ffd0 4883 | c420 49c7 | 87a8 0300 
  0x0000029c7304c7e0: 0000 0000 | 0049 c787 | b803 0000 | 0000 0000 | 49c7 87b0 | 0300 0000 | 0000 00c5 | f877 4983 
  0x0000029c7304c800: 7f08 000f | 8405 0000 | 00e9 b246 | ffff 4c8b | 6dc0 4c8b | 75c8 4e8d | 74f5 00c3 | 488b 5de8 
  0x0000029c7304c820: 488b 4358 | 498d 8fc8 | 0300 004c | 8d15 d500 | 0000 4d89 | 97b0 0300 | 00c5 f877 | 4989 afb8 
  0x0000029c7304c840: 0300 0049 | 89a7 a803 | 0000 41c7 | 8754 0400 | 0004 0000 | 0049 3ba7 | 4805 0000 | 7607 4989 
  0x0000029c7304c860: a748 0500 | 00ff d049 | 3ba7 4805 | 0000 720b | 49c7 8748 | 0500 0000 | 0000 00c5 | f877 4883 
  0x0000029c7304c880: ec10 c5fb | 1104 2448 | 83ec 1048 | 8904 2448 | c744 2408 | 0000 0000 | 41c7 8754 | 0400 0005 
  0x0000029c7304c8a0: 0000 00f0 | 8344 24c0 | 0049 3b6f | 280f 870e | 0000 0041 | 83bf 5004 | 0000 000f | 8420 0000 
  0x0000029c7304c8c0: 0049 8bcf | 4c8b e448 | 83ec 2048 | 83e4 f048 | b810 b984 | 70fa 7f00 | 00ff d049 | 8be4 4d33 
  0x0000029c7304c8e0: e441 c787 | 5404 0000 | 0800 0000 | 4d8b 9770 | 0500 0049 | 83fa 0074 | 3549 c787 | 7005 0000 
  0x0000029c7304c900: 0000 0000 | 41ff e249 | ba20 b704 | 739c 0200 | 0041 ffd2 | 4883 ec10 | c5fb 1104 | 2448 83ec 
  0x0000029c7304c920: 1048 8904 | 2448 c744 | 2408 0000 | 0000 49c7 | 87a8 0300 | 0000 0000 | 0049 c787 | b803 0000 
  0x0000029c7304c940: 0000 0000 | 49c7 87b0 | 0300 0000 | 0000 00c5 | f877 4d8b | 9f38 0400 | 0041 c783 | 0001 0000 
  0x0000029c7304c960: 0000 0000 | 49bb baa0 | 0473 9c02 | 0000 4c3b | 5d18 0f85 | 5501 0000 | 488b 0424 | 4883 c410 
  0x0000029c7304c980: 4885 c00f | 842f 0100 | 00a8 030f | 8508 0000 | 0048 8b00 | e91f 0100 | 00a8 010f | 8509 0000 
  0x0000029c7304c9a0: 0048 8b40 | fee9 0e01 | 0000 488b | 40ff 4180 | 7f48 000f | 84ff 0000 | 0048 83f8 | 000f 84f5 
  0x0000029c7304c9c0: 0000 004d | 8b5f 384d | 85db 0f84 | 1400 0000 | 4983 eb08 | 4d89 5f38 | 4d03 5f40 | 4989 03e9 
  0x0000029c7304c9e0: d400 0000 | 4883 ec70 | 4889 0424 | 4889 4c24 | 0848 8954 | 2410 4c89 | 4424 184c | 894c 2420 
  0x0000029c7304ca00: 4c89 5424 | 284c 895c | 2430 c5fb | 1144 2440 | c5fb 114c | 2448 c5fb | 1154 2450 | c5fb 115c 
  0x0000029c7304ca20: 2458 c5fb | 1164 2460 | c5fb 116c | 2468 498b | d748 8bc8 | 4883 ec20 | 40f6 c40f | 0f84 1900 
  0x0000029c7304ca40: 0000 4883 | ec08 48b8 | 5049 7770 | fa7f 0000 | ffd0 4883 | c408 e90c | 0000 0048 | b850 4977 
  0x0000029c7304ca60: 70fa 7f00 | 00ff d048 | 83c4 20c5 | fb10 6c24 | 68c5 fb10 | 6424 60c5 | fb10 5c24 | 58c5 fb10 
  0x0000029c7304ca80: 5424 50c5 | fb10 4c24 | 48c5 fb10 | 4424 404c | 8b5c 2430 | 4c8b 5424 | 284c 8b4c | 2420 4c8b 
  0x0000029c7304caa0: 4424 1848 | 8b54 2410 | 488b 4c24 | 0848 8b04 | 2448 83c4 | 70c5 f877 | 4889 4510 | 4883 ec10 
  0x0000029c7304cac0: 4889 0424 | 48c7 4424 | 0800 0000 | 0041 83bf | d004 0000 | 020f 85bf | 0000 0048 | 81ec 8000 
  0x0000029c7304cae0: 0000 4889 | 4424 7848 | 894c 2470 | 4889 5424 | 6848 895c | 2460 4889 | 6c24 5048 | 8974 2448 
  0x0000029c7304cb00: 4889 7c24 | 404c 8944 | 2438 4c89 | 4c24 304c | 8954 2428 | 4c89 5c24 | 204c 8964 | 2418 4c89 
  0x0000029c7304cb20: 6c24 104c | 8974 2408 | 4c89 3c24 | 4c8b e448 | 83ec 2048 | 83e4 f048 | b880 59bc | 70fa 7f00 
  0x0000029c7304cb40: 00ff d049 | 8be4 4c8b | 3c24 4c8b | 7424 084c | 8b6c 2410 | 4c8b 6424 | 184c 8b5c | 2420 4c8b 
  0x0000029c7304cb60: 5424 284c | 8b4c 2430 | 4c8b 4424 | 3848 8b7c | 2440 488b | 7424 4848 | 8b6c 2450 | 488b 5c24 
  0x0000029c7304cb80: 6048 8b54 | 2468 488b | 4c24 7048 | 8b44 2478 | 4881 c480 | 0000 004d | 33e4 488b | 5de8 4c8b 
  0x0000029c7304cba0: 6b08 4d8d | 6d38 4983 | 7f08 000f | 84bb 0000 | 00e8 0500 | 0000 e996 | 0000 0048 | 8d44 2408 
  0x0000029c7304cbc0: 4c89 6dc0 | 498b cfc5 | f877 4989 | afb8 0300 | 0049 8987 | a803 0000 | 4883 ec20 | 40f6 c40f 
  0x0000029c7304cbe0: 0f84 1900 | 0000 4883 | ec08 48b8 | 8078 8370 | fa7f 0000 | ffd0 4883 | c408 e90c | 0000 0048 
  0x0000029c7304cc00: b880 7883 | 70fa 7f00 | 00ff d048 | 83c4 2049 | c787 a803 | 0000 0000 | 0000 49c7 | 87b8 0300 
  0x0000029c7304cc20: 0000 0000 | 0049 c787 | b003 0000 | 0000 0000 | c5f8 7749 | 837f 0800 | 0f84 0500 | 0000 e97d 
  0x0000029c7304cc40: 42ff ff4c | 8b6d c04c | 8b75 c84e | 8d74 f500 | c348 b908 | ece2 70fa | 7f00 0048 | 83e4 f048 
  0x0000029c7304cc60: b800 a9a9 | 70fa 7f00 | 00ff d0f4 | 448b 5b28 | 41f6 c320 | 0f84 7201 | 0000 488d | 55a8 4c8b 
  0x0000029c7304cc80: 5a08 4d85 | db0f 85bb | 0000 00e8 | 0500 0000 | e996 0000 | 0048 8d44 | 2408 4c89 | 6dc0 498b 
  0x0000029c7304cca0: cfc5 f877 | 4989 afb8 | 0300 0049 | 8987 a803 | 0000 4883 | ec20 40f6 | c40f 0f84 | 1900 0000 
  0x0000029c7304ccc0: 4883 ec08 | 48b8 b077 | 8370 fa7f | 0000 ffd0 | 4883 c408 | e90c 0000 | 0048 b8b0 | 7783 70fa 
  0x0000029c7304cce0: 7f00 00ff | d048 83c4 | 2049 c787 | a803 0000 | 0000 0000 | 49c7 87b8 | 0300 0000 | 0000 0049 
  0x0000029c7304cd00: c787 b003 | 0000 0000 | 0000 c5f8 | 7749 837f | 0800 0f84 | 0500 0000 | e9a3 41ff | ff4c 8b6d 
  0x0000029c7304cd20: c04c 8b75 | c84e 8d74 | f500 c348 | b908 ece2 | 70fa 7f00 | 0048 83e4 | f048 b800 | a9a9 70fa 
  0x0000029c7304cd40: 7f00 00ff | d0f4 4c89 | 6dc0 4c8b | 4a08 48c7 | 4208 0000 | 0000 458b | 8758 0600 | 004f 3b4c 
  0x0000029c7304cd60: 07f8 0f85 | 4200 0000 | 4183 af58 | 0600 0008 | 4f3b 4c07 | f00f 842a | 0000 0049 | 8b01 a802 
  0x0000029c7304cd80: 0f85 1200 | 0000 4c8b | c049 83c8 | 01f0 4d0f | b101 0f84 | 0d00 0000 | 4183 8758 | 0600 0008 
  0x0000029c7304cda0: e905 0000 | 00e9 3e00 | 0000 4c89 | 4a08 488b | ca48 83ec | 2040 f6c4 | 0f0f 8419 | 0000 0048 
  0x0000029c7304cdc0: 83ec 0848 | b8d0 4983 | 70fa 7f00 | 00ff d048 | 83c4 08e9 | 0c00 0000 | 48b8 d049 | 8370 fa7f 
  0x0000029c7304cde0: 0000 ffd0 | 4883 c420 | 4c8b 6dc0 | 488b 0424 | 4883 c410 | c5fb 1004 | 2448 83c4 | 104c 8b5d 
  0x0000029c7304ce00: 1841 ffd3 | 4c8b 5df8 | c95f 498b | e3ff e7ba | 0000 0000 | e805 0000 | 00e9 9600 | 0000 488d 
  0x0000029c7304ce20: 4424 084c | 896d c049 | 8bcf c5f8 | 7749 89af | b803 0000 | 4989 87a8 | 0300 0048 | 83ec 2040 
  0x0000029c7304ce40: f6c4 0f0f | 8419 0000 | 0048 83ec | 0848 b870 | 3e83 70fa | 7f00 00ff | d048 83c4 | 08e9 0c00 
  0x0000029c7304ce60: 0000 48b8 | 703e 8370 | fa7f 0000 | ffd0 4883 | c420 49c7 | 87a8 0300 | 0000 0000 | 0049 c787 
  0x0000029c7304ce80: b803 0000 | 0000 0000 | 49c7 87b0 | 0300 0000 | 0000 00c5 | f877 4983 | 7f08 000f | 8405 0000 
  0x0000029c7304cea0: 00e9 1a40 | ffff 4c8b | 6dc0 4c8b | 75c8 4e8d | 74f5 00c3 | 488b 5de8 | e940 f7ff | ff66 6690 
[/MachCode]

---------------  P R O C E S S  ---------------

Threads class SMR info:
_java_thread_list=0x0000029c450f8b80, length=10, elements={
0x0000029c6a7ba3c0, 0x0000029c4500f660, 0x0000029c45010260, 0x0000029c45012970,
0x0000029c450155b0, 0x0000029c450180f0, 0x0000029c45018e80, 0x0000029c45027fe0,
0x0000029c450fbdd0, 0x0000029c450fe880
}

Java Threads: ( => current thread )
=>0x0000029c6a7ba3c0 JavaThread "main"                              [_thread_in_vm, id=21084, stack(0x000000ef75300000,0x000000ef75400000) (1024K)]
  0x0000029c4500f660 JavaThread "Reference Handler"          daemon [_thread_blocked, id=18452, stack(0x000000ef75b00000,0x000000ef75c00000) (1024K)]
  0x0000029c45010260 JavaThread "Finalizer"                  daemon [_thread_blocked, id=6908, stack(0x000000ef75c00000,0x000000ef75d00000) (1024K)]
  0x0000029c45012970 JavaThread "Signal Dispatcher"          daemon [_thread_blocked, id=5360, stack(0x000000ef75d00000,0x000000ef75e00000) (1024K)]
  0x0000029c450155b0 JavaThread "Attach Listener"            daemon [_thread_blocked, id=18932, stack(0x000000ef75e00000,0x000000ef75f00000) (1024K)]
  0x0000029c450180f0 JavaThread "Service Thread"             daemon [_thread_blocked, id=21980, stack(0x000000ef75f00000,0x000000ef76000000) (1024K)]
  0x0000029c45018e80 JavaThread "Monitor Deflation Thread"   daemon [_thread_blocked, id=21012, stack(0x000000ef76000000,0x000000ef76100000) (1024K)]
  0x0000029c45027fe0 JavaThread "C1 CompilerThread0"         daemon [_thread_blocked, id=5040, stack(0x000000ef76100000,0x000000ef76200000) (1024K)]
  0x0000029c450fbdd0 JavaThread "C1 CompilerThread1"         daemon [_thread_blocked, id=7752, stack(0x000000ef76200000,0x000000ef76300000) (1024K)]
  0x0000029c450fe880 JavaThread "C1 CompilerThread2"         daemon [_thread_blocked, id=15732, stack(0x000000ef76300000,0x000000ef76400000) (1024K)]
Total: 10

Other Threads:
  0x0000029c7db0dcc0 VMThread "VM Thread"                           [id=22436, stack(0x000000ef75a00000,0x000000ef75b00000) (1024K)]
  0x0000029c7db006c0 WatcherThread "VM Periodic Task Thread"        [id=15496, stack(0x000000ef75900000,0x000000ef75a00000) (1024K)]
  0x0000029c6a821050 WorkerThread "GC Thread#0"                     [id=20128, stack(0x000000ef75400000,0x000000ef75500000) (1024K)]
  0x0000029c6a8366d0 ConcurrentGCThread "G1 Main Marker"            [id=13760, stack(0x000000ef75500000,0x000000ef75600000) (1024K)]
  0x0000029c6a83a9a0 WorkerThread "G1 Conc#0"                       [id=7424, stack(0x000000ef75600000,0x000000ef75700000) (1024K)]
  0x0000029c7d9be180 ConcurrentGCThread "G1 Refine#0"               [id=7372, stack(0x000000ef75700000,0x000000ef75800000) (1024K)]
  0x0000029c7d9bed00 ConcurrentGCThread "G1 Service"                [id=18920, stack(0x000000ef75800000,0x000000ef75900000) (1024K)]
Total: 7

Threads with active compile tasks:
Total: 0

VM state: not at safepoint (normal execution)

VM Mutex/Monitor currently owned by a thread:  ([mutex/lock_event])
[0x00007ffa710e24f0] Metaspace_lock - owner thread: 0x0000029c6a7ba3c0

Heap address: 0x0000000702a00000, size: 4054 MB, Compressed Oops mode: Zero based, Oop shift amount: 3

CDS archive(s) mapped at: [0x0000029c00000000-0x0000029c00d40000-0x0000029c00d40000), size 13893632, SharedBaseAddress: 0x0000029c00000000, ArchiveRelocationMode: 1.
Compressed class space mapped at: 0x0000029c01000000-0x0000029c41000000, reserved size: 1073741824
UseCompressedClassPointers 1, UseCompactObjectHeaders 0
Narrow klass pointer bits 32, Max shift 3
Narrow klass base: 0x0000029c00000000, Narrow klass shift: 0
Encoding Range: [0x0000029c00000000 - 0x0000029d00000000), (4294967296 bytes)
Klass Range:    [0x0000029c00000000 - 0x0000029c41000000), (1090519040 bytes)
Klass ID Range:  [8 - 1090519033) (1090519025)

GC Precious Log:
 CardTable entry size: 512
 Card Set container configuration: InlinePtr #cards 4 size 8 Array Of Cards #cards 16 size 48 Howl #buckets 8 coarsen threshold 3686 Howl Bitmap #cards 512 size 80 coarsen threshold 460 Card regions per heap region 1 cards per card region 4096
 CPUs: 8 total, 8 available
 Memory: 16215M
 Large Page Support: Disabled
 NUMA Support: Disabled
 Compressed Oops: Enabled (Zero based)
 Heap Region Size: 2M
 Heap Min Capacity: 8M
 Heap Initial Capacity: 254M
 Heap Max Capacity: 4054M
 Pre-touch: Disabled
 Parallel Workers: 8
 Concurrent Workers: 2
 Concurrent Refinement Workers: 8
 Periodic GC: Disabled

Heap:
 garbage-first heap   total reserved 4151296K, committed 262144K, used 3184K [0x0000000702a00000, 0x0000000800000000)
  region size 2048K, 2 young (4096K), 0 survivors (0K)
 Metaspace       used 135K, committed 320K, reserved 1114112K
  class space    used 5K, committed 128K, reserved 1048576K

Heap Regions: E=young(eden), S=young(survivor), O=old, HS=humongous(starts), HC=humongous(continues), CS=collection set, F=free, TAMS=top-at-mark-start, PB=parsable bottom
|   0|0x0000000702a00000, 0x0000000702a00000, 0x0000000702c00000|  0%| F|  |TAMS 0x0000000702a00000| PB 0x0000000702a00000| Untracked |  0
|   1|0x0000000702c00000, 0x0000000702c00000, 0x0000000702e00000|  0%| F|  |TAMS 0x0000000702c00000| PB 0x0000000702c00000| Untracked |  0
|   2|0x0000000702e00000, 0x0000000702e00000, 0x0000000703000000|  0%| F|  |TAMS 0x0000000702e00000| PB 0x0000000702e00000| Untracked |  0
|   3|0x0000000703000000, 0x0000000703000000, 0x0000000703200000|  0%| F|  |TAMS 0x0000000703000000| PB 0x0000000703000000| Untracked |  0
|   4|0x0000000703200000, 0x0000000703200000, 0x0000000703400000|  0%| F|  |TAMS 0x0000000703200000| PB 0x0000000703200000| Untracked |  0
|   5|0x0000000703400000, 0x0000000703400000, 0x0000000703600000|  0%| F|  |TAMS 0x0000000703400000| PB 0x0000000703400000| Untracked |  0
|   6|0x0000000703600000, 0x0000000703600000, 0x0000000703800000|  0%| F|  |TAMS 0x0000000703600000| PB 0x0000000703600000| Untracked |  0
|   7|0x0000000703800000, 0x0000000703800000, 0x0000000703a00000|  0%| F|  |TAMS 0x0000000703800000| PB 0x0000000703800000| Untracked |  0
|   8|0x0000000703a00000, 0x0000000703a00000, 0x0000000703c00000|  0%| F|  |TAMS 0x0000000703a00000| PB 0x0000000703a00000| Untracked |  0
|   9|0x0000000703c00000, 0x0000000703c00000, 0x0000000703e00000|  0%| F|  |TAMS 0x0000000703c00000| PB 0x0000000703c00000| Untracked |  0
|  10|0x0000000703e00000, 0x0000000703e00000, 0x0000000704000000|  0%| F|  |TAMS 0x0000000703e00000| PB 0x0000000703e00000| Untracked |  0
|  11|0x0000000704000000, 0x0000000704000000, 0x0000000704200000|  0%| F|  |TAMS 0x0000000704000000| PB 0x0000000704000000| Untracked |  0
|  12|0x0000000704200000, 0x0000000704200000, 0x0000000704400000|  0%| F|  |TAMS 0x0000000704200000| PB 0x0000000704200000| Untracked |  0
|  13|0x0000000704400000, 0x0000000704400000, 0x0000000704600000|  0%| F|  |TAMS 0x0000000704400000| PB 0x0000000704400000| Untracked |  0
|  14|0x0000000704600000, 0x0000000704600000, 0x0000000704800000|  0%| F|  |TAMS 0x0000000704600000| PB 0x0000000704600000| Untracked |  0
|  15|0x0000000704800000, 0x0000000704800000, 0x0000000704a00000|  0%| F|  |TAMS 0x0000000704800000| PB 0x0000000704800000| Untracked |  0
|  16|0x0000000704a00000, 0x0000000704a00000, 0x0000000704c00000|  0%| F|  |TAMS 0x0000000704a00000| PB 0x0000000704a00000| Untracked |  0
|  17|0x0000000704c00000, 0x0000000704c00000, 0x0000000704e00000|  0%| F|  |TAMS 0x0000000704c00000| PB 0x0000000704c00000| Untracked |  0
|  18|0x0000000704e00000, 0x0000000704e00000, 0x0000000705000000|  0%| F|  |TAMS 0x0000000704e00000| PB 0x0000000704e00000| Untracked |  0
|  19|0x0000000705000000, 0x0000000705000000, 0x0000000705200000|  0%| F|  |TAMS 0x0000000705000000| PB 0x0000000705000000| Untracked |  0
|  20|0x0000000705200000, 0x0000000705200000, 0x0000000705400000|  0%| F|  |TAMS 0x0000000705200000| PB 0x0000000705200000| Untracked |  0
|  21|0x0000000705400000, 0x0000000705400000, 0x0000000705600000|  0%| F|  |TAMS 0x0000000705400000| PB 0x0000000705400000| Untracked |  0
|  22|0x0000000705600000, 0x0000000705600000, 0x0000000705800000|  0%| F|  |TAMS 0x0000000705600000| PB 0x0000000705600000| Untracked |  0
|  23|0x0000000705800000, 0x0000000705800000, 0x0000000705a00000|  0%| F|  |TAMS 0x0000000705800000| PB 0x0000000705800000| Untracked |  0
|  24|0x0000000705a00000, 0x0000000705a00000, 0x0000000705c00000|  0%| F|  |TAMS 0x0000000705a00000| PB 0x0000000705a00000| Untracked |  0
|  25|0x0000000705c00000, 0x0000000705c00000, 0x0000000705e00000|  0%| F|  |TAMS 0x0000000705c00000| PB 0x0000000705c00000| Untracked |  0
|  26|0x0000000705e00000, 0x0000000705e00000, 0x0000000706000000|  0%| F|  |TAMS 0x0000000705e00000| PB 0x0000000705e00000| Untracked |  0
|  27|0x0000000706000000, 0x0000000706000000, 0x0000000706200000|  0%| F|  |TAMS 0x0000000706000000| PB 0x0000000706000000| Untracked |  0
|  28|0x0000000706200000, 0x0000000706200000, 0x0000000706400000|  0%| F|  |TAMS 0x0000000706200000| PB 0x0000000706200000| Untracked |  0
|  29|0x0000000706400000, 0x0000000706400000, 0x0000000706600000|  0%| F|  |TAMS 0x0000000706400000| PB 0x0000000706400000| Untracked |  0
|  30|0x0000000706600000, 0x0000000706600000, 0x0000000706800000|  0%| F|  |TAMS 0x0000000706600000| PB 0x0000000706600000| Untracked |  0
|  31|0x0000000706800000, 0x0000000706800000, 0x0000000706a00000|  0%| F|  |TAMS 0x0000000706800000| PB 0x0000000706800000| Untracked |  0
|  32|0x0000000706a00000, 0x0000000706a00000, 0x0000000706c00000|  0%| F|  |TAMS 0x0000000706a00000| PB 0x0000000706a00000| Untracked |  0
|  33|0x0000000706c00000, 0x0000000706c00000, 0x0000000706e00000|  0%| F|  |TAMS 0x0000000706c00000| PB 0x0000000706c00000| Untracked |  0
|  34|0x0000000706e00000, 0x0000000706e00000, 0x0000000707000000|  0%| F|  |TAMS 0x0000000706e00000| PB 0x0000000706e00000| Untracked |  0
|  35|0x0000000707000000, 0x0000000707000000, 0x0000000707200000|  0%| F|  |TAMS 0x0000000707000000| PB 0x0000000707000000| Untracked |  0
|  36|0x0000000707200000, 0x0000000707200000, 0x0000000707400000|  0%| F|  |TAMS 0x0000000707200000| PB 0x0000000707200000| Untracked |  0
|  37|0x0000000707400000, 0x0000000707400000, 0x0000000707600000|  0%| F|  |TAMS 0x0000000707400000| PB 0x0000000707400000| Untracked |  0
|  38|0x0000000707600000, 0x0000000707600000, 0x0000000707800000|  0%| F|  |TAMS 0x0000000707600000| PB 0x0000000707600000| Untracked |  0
|  39|0x0000000707800000, 0x0000000707800000, 0x0000000707a00000|  0%| F|  |TAMS 0x0000000707800000| PB 0x0000000707800000| Untracked |  0
|  40|0x0000000707a00000, 0x0000000707a00000, 0x0000000707c00000|  0%| F|  |TAMS 0x0000000707a00000| PB 0x0000000707a00000| Untracked |  0
|  41|0x0000000707c00000, 0x0000000707c00000, 0x0000000707e00000|  0%| F|  |TAMS 0x0000000707c00000| PB 0x0000000707c00000| Untracked |  0
|  42|0x0000000707e00000, 0x0000000707e00000, 0x0000000708000000|  0%| F|  |TAMS 0x0000000707e00000| PB 0x0000000707e00000| Untracked |  0
|  43|0x0000000708000000, 0x0000000708000000, 0x0000000708200000|  0%| F|  |TAMS 0x0000000708000000| PB 0x0000000708000000| Untracked |  0
|  44|0x0000000708200000, 0x0000000708200000, 0x0000000708400000|  0%| F|  |TAMS 0x0000000708200000| PB 0x0000000708200000| Untracked |  0
|  45|0x0000000708400000, 0x0000000708400000, 0x0000000708600000|  0%| F|  |TAMS 0x0000000708400000| PB 0x0000000708400000| Untracked |  0
|  46|0x0000000708600000, 0x0000000708600000, 0x0000000708800000|  0%| F|  |TAMS 0x0000000708600000| PB 0x0000000708600000| Untracked |  0
|  47|0x0000000708800000, 0x0000000708800000, 0x0000000708a00000|  0%| F|  |TAMS 0x0000000708800000| PB 0x0000000708800000| Untracked |  0
|  48|0x0000000708a00000, 0x0000000708a00000, 0x0000000708c00000|  0%| F|  |TAMS 0x0000000708a00000| PB 0x0000000708a00000| Untracked |  0
|  49|0x0000000708c00000, 0x0000000708c00000, 0x0000000708e00000|  0%| F|  |TAMS 0x0000000708c00000| PB 0x0000000708c00000| Untracked |  0
|  50|0x0000000708e00000, 0x0000000708e00000, 0x0000000709000000|  0%| F|  |TAMS 0x0000000708e00000| PB 0x0000000708e00000| Untracked |  0
|  51|0x0000000709000000, 0x0000000709000000, 0x0000000709200000|  0%| F|  |TAMS 0x0000000709000000| PB 0x0000000709000000| Untracked |  0
|  52|0x0000000709200000, 0x0000000709200000, 0x0000000709400000|  0%| F|  |TAMS 0x0000000709200000| PB 0x0000000709200000| Untracked |  0
|  53|0x0000000709400000, 0x0000000709400000, 0x0000000709600000|  0%| F|  |TAMS 0x0000000709400000| PB 0x0000000709400000| Untracked |  0
|  54|0x0000000709600000, 0x0000000709600000, 0x0000000709800000|  0%| F|  |TAMS 0x0000000709600000| PB 0x0000000709600000| Untracked |  0
|  55|0x0000000709800000, 0x0000000709800000, 0x0000000709a00000|  0%| F|  |TAMS 0x0000000709800000| PB 0x0000000709800000| Untracked |  0
|  56|0x0000000709a00000, 0x0000000709a00000, 0x0000000709c00000|  0%| F|  |TAMS 0x0000000709a00000| PB 0x0000000709a00000| Untracked |  0
|  57|0x0000000709c00000, 0x0000000709c00000, 0x0000000709e00000|  0%| F|  |TAMS 0x0000000709c00000| PB 0x0000000709c00000| Untracked |  0
|  58|0x0000000709e00000, 0x0000000709e00000, 0x000000070a000000|  0%| F|  |TAMS 0x0000000709e00000| PB 0x0000000709e00000| Untracked |  0
|  59|0x000000070a000000, 0x000000070a000000, 0x000000070a200000|  0%| F|  |TAMS 0x000000070a000000| PB 0x000000070a000000| Untracked |  0
|  60|0x000000070a200000, 0x000000070a200000, 0x000000070a400000|  0%| F|  |TAMS 0x000000070a200000| PB 0x000000070a200000| Untracked |  0
|  61|0x000000070a400000, 0x000000070a400000, 0x000000070a600000|  0%| F|  |TAMS 0x000000070a400000| PB 0x000000070a400000| Untracked |  0
|  62|0x000000070a600000, 0x000000070a600000, 0x000000070a800000|  0%| F|  |TAMS 0x000000070a600000| PB 0x000000070a600000| Untracked |  0
|  63|0x000000070a800000, 0x000000070a800000, 0x000000070aa00000|  0%| F|  |TAMS 0x000000070a800000| PB 0x000000070a800000| Untracked |  0
|  64|0x000000070aa00000, 0x000000070aa00000, 0x000000070ac00000|  0%| F|  |TAMS 0x000000070aa00000| PB 0x000000070aa00000| Untracked |  0
|  65|0x000000070ac00000, 0x000000070ac00000, 0x000000070ae00000|  0%| F|  |TAMS 0x000000070ac00000| PB 0x000000070ac00000| Untracked |  0
|  66|0x000000070ae00000, 0x000000070ae00000, 0x000000070b000000|  0%| F|  |TAMS 0x000000070ae00000| PB 0x000000070ae00000| Untracked |  0
|  67|0x000000070b000000, 0x000000070b000000, 0x000000070b200000|  0%| F|  |TAMS 0x000000070b000000| PB 0x000000070b000000| Untracked |  0
|  68|0x000000070b200000, 0x000000070b200000, 0x000000070b400000|  0%| F|  |TAMS 0x000000070b200000| PB 0x000000070b200000| Untracked |  0
|  69|0x000000070b400000, 0x000000070b400000, 0x000000070b600000|  0%| F|  |TAMS 0x000000070b400000| PB 0x000000070b400000| Untracked |  0
|  70|0x000000070b600000, 0x000000070b600000, 0x000000070b800000|  0%| F|  |TAMS 0x000000070b600000| PB 0x000000070b600000| Untracked |  0
|  71|0x000000070b800000, 0x000000070b800000, 0x000000070ba00000|  0%| F|  |TAMS 0x000000070b800000| PB 0x000000070b800000| Untracked |  0
|  72|0x000000070ba00000, 0x000000070ba00000, 0x000000070bc00000|  0%| F|  |TAMS 0x000000070ba00000| PB 0x000000070ba00000| Untracked |  0
|  73|0x000000070bc00000, 0x000000070bc00000, 0x000000070be00000|  0%| F|  |TAMS 0x000000070bc00000| PB 0x000000070bc00000| Untracked |  0
|  74|0x000000070be00000, 0x000000070be00000, 0x000000070c000000|  0%| F|  |TAMS 0x000000070be00000| PB 0x000000070be00000| Untracked |  0
|  75|0x000000070c000000, 0x000000070c000000, 0x000000070c200000|  0%| F|  |TAMS 0x000000070c000000| PB 0x000000070c000000| Untracked |  0
|  76|0x000000070c200000, 0x000000070c200000, 0x000000070c400000|  0%| F|  |TAMS 0x000000070c200000| PB 0x000000070c200000| Untracked |  0
|  77|0x000000070c400000, 0x000000070c400000, 0x000000070c600000|  0%| F|  |TAMS 0x000000070c400000| PB 0x000000070c400000| Untracked |  0
|  78|0x000000070c600000, 0x000000070c600000, 0x000000070c800000|  0%| F|  |TAMS 0x000000070c600000| PB 0x000000070c600000| Untracked |  0
|  79|0x000000070c800000, 0x000000070c800000, 0x000000070ca00000|  0%| F|  |TAMS 0x000000070c800000| PB 0x000000070c800000| Untracked |  0
|  80|0x000000070ca00000, 0x000000070ca00000, 0x000000070cc00000|  0%| F|  |TAMS 0x000000070ca00000| PB 0x000000070ca00000| Untracked |  0
|  81|0x000000070cc00000, 0x000000070cc00000, 0x000000070ce00000|  0%| F|  |TAMS 0x000000070cc00000| PB 0x000000070cc00000| Untracked |  0
|  82|0x000000070ce00000, 0x000000070ce00000, 0x000000070d000000|  0%| F|  |TAMS 0x000000070ce00000| PB 0x000000070ce00000| Untracked |  0
|  83|0x000000070d000000, 0x000000070d000000, 0x000000070d200000|  0%| F|  |TAMS 0x000000070d000000| PB 0x000000070d000000| Untracked |  0
|  84|0x000000070d200000, 0x000000070d200000, 0x000000070d400000|  0%| F|  |TAMS 0x000000070d200000| PB 0x000000070d200000| Untracked |  0
|  85|0x000000070d400000, 0x000000070d400000, 0x000000070d600000|  0%| F|  |TAMS 0x000000070d400000| PB 0x000000070d400000| Untracked |  0
|  86|0x000000070d600000, 0x000000070d600000, 0x000000070d800000|  0%| F|  |TAMS 0x000000070d600000| PB 0x000000070d600000| Untracked |  0
|  87|0x000000070d800000, 0x000000070d800000, 0x000000070da00000|  0%| F|  |TAMS 0x000000070d800000| PB 0x000000070d800000| Untracked |  0
|  88|0x000000070da00000, 0x000000070da00000, 0x000000070dc00000|  0%| F|  |TAMS 0x000000070da00000| PB 0x000000070da00000| Untracked |  0
|  89|0x000000070dc00000, 0x000000070dc00000, 0x000000070de00000|  0%| F|  |TAMS 0x000000070dc00000| PB 0x000000070dc00000| Untracked |  0
|  90|0x000000070de00000, 0x000000070de00000, 0x000000070e000000|  0%| F|  |TAMS 0x000000070de00000| PB 0x000000070de00000| Untracked |  0
|  91|0x000000070e000000, 0x000000070e000000, 0x000000070e200000|  0%| F|  |TAMS 0x000000070e000000| PB 0x000000070e000000| Untracked |  0
|  92|0x000000070e200000, 0x000000070e200000, 0x000000070e400000|  0%| F|  |TAMS 0x000000070e200000| PB 0x000000070e200000| Untracked |  0
|  93|0x000000070e400000, 0x000000070e400000, 0x000000070e600000|  0%| F|  |TAMS 0x000000070e400000| PB 0x000000070e400000| Untracked |  0
|  94|0x000000070e600000, 0x000000070e600000, 0x000000070e800000|  0%| F|  |TAMS 0x000000070e600000| PB 0x000000070e600000| Untracked |  0
|  95|0x000000070e800000, 0x000000070e800000, 0x000000070ea00000|  0%| F|  |TAMS 0x000000070e800000| PB 0x000000070e800000| Untracked |  0
|  96|0x000000070ea00000, 0x000000070ea00000, 0x000000070ec00000|  0%| F|  |TAMS 0x000000070ea00000| PB 0x000000070ea00000| Untracked |  0
|  97|0x000000070ec00000, 0x000000070ec00000, 0x000000070ee00000|  0%| F|  |TAMS 0x000000070ec00000| PB 0x000000070ec00000| Untracked |  0
|  98|0x000000070ee00000, 0x000000070ee00000, 0x000000070f000000|  0%| F|  |TAMS 0x000000070ee00000| PB 0x000000070ee00000| Untracked |  0
|  99|0x000000070f000000, 0x000000070f000000, 0x000000070f200000|  0%| F|  |TAMS 0x000000070f000000| PB 0x000000070f000000| Untracked |  0
| 100|0x000000070f200000, 0x000000070f200000, 0x000000070f400000|  0%| F|  |TAMS 0x000000070f200000| PB 0x000000070f200000| Untracked |  0
| 101|0x000000070f400000, 0x000000070f400000, 0x000000070f600000|  0%| F|  |TAMS 0x000000070f400000| PB 0x000000070f400000| Untracked |  0
| 102|0x000000070f600000, 0x000000070f600000, 0x000000070f800000|  0%| F|  |TAMS 0x000000070f600000| PB 0x000000070f600000| Untracked |  0
| 103|0x000000070f800000, 0x000000070f800000, 0x000000070fa00000|  0%| F|  |TAMS 0x000000070f800000| PB 0x000000070f800000| Untracked |  0
| 104|0x000000070fa00000, 0x000000070fa00000, 0x000000070fc00000|  0%| F|  |TAMS 0x000000070fa00000| PB 0x000000070fa00000| Untracked |  0
| 105|0x000000070fc00000, 0x000000070fc00000, 0x000000070fe00000|  0%| F|  |TAMS 0x000000070fc00000| PB 0x000000070fc00000| Untracked |  0
| 106|0x000000070fe00000, 0x000000070fe00000, 0x0000000710000000|  0%| F|  |TAMS 0x000000070fe00000| PB 0x000000070fe00000| Untracked |  0
| 107|0x0000000710000000, 0x0000000710000000, 0x0000000710200000|  0%| F|  |TAMS 0x0000000710000000| PB 0x0000000710000000| Untracked |  0
| 108|0x0000000710200000, 0x0000000710200000, 0x0000000710400000|  0%| F|  |TAMS 0x0000000710200000| PB 0x0000000710200000| Untracked |  0
| 109|0x0000000710400000, 0x0000000710400000, 0x0000000710600000|  0%| F|  |TAMS 0x0000000710400000| PB 0x0000000710400000| Untracked |  0
| 110|0x0000000710600000, 0x0000000710600000, 0x0000000710800000|  0%| F|  |TAMS 0x0000000710600000| PB 0x0000000710600000| Untracked |  0
| 111|0x0000000710800000, 0x0000000710800000, 0x0000000710a00000|  0%| F|  |TAMS 0x0000000710800000| PB 0x0000000710800000| Untracked |  0
| 112|0x0000000710a00000, 0x0000000710a00000, 0x0000000710c00000|  0%| F|  |TAMS 0x0000000710a00000| PB 0x0000000710a00000| Untracked |  0
| 113|0x0000000710c00000, 0x0000000710c00000, 0x0000000710e00000|  0%| F|  |TAMS 0x0000000710c00000| PB 0x0000000710c00000| Untracked |  0
| 114|0x0000000710e00000, 0x0000000710e00000, 0x0000000711000000|  0%| F|  |TAMS 0x0000000710e00000| PB 0x0000000710e00000| Untracked |  0
| 115|0x0000000711000000, 0x0000000711000000, 0x0000000711200000|  0%| F|  |TAMS 0x0000000711000000| PB 0x0000000711000000| Untracked |  0
| 116|0x0000000711200000, 0x0000000711200000, 0x0000000711400000|  0%| F|  |TAMS 0x0000000711200000| PB 0x0000000711200000| Untracked |  0
| 117|0x0000000711400000, 0x0000000711400000, 0x0000000711600000|  0%| F|  |TAMS 0x0000000711400000| PB 0x0000000711400000| Untracked |  0
| 118|0x0000000711600000, 0x0000000711600000, 0x0000000711800000|  0%| F|  |TAMS 0x0000000711600000| PB 0x0000000711600000| Untracked |  0
| 119|0x0000000711800000, 0x0000000711800000, 0x0000000711a00000|  0%| F|  |TAMS 0x0000000711800000| PB 0x0000000711800000| Untracked |  0
| 120|0x0000000711a00000, 0x0000000711a00000, 0x0000000711c00000|  0%| F|  |TAMS 0x0000000711a00000| PB 0x0000000711a00000| Untracked |  0
| 121|0x0000000711c00000, 0x0000000711c00000, 0x0000000711e00000|  0%| F|  |TAMS 0x0000000711c00000| PB 0x0000000711c00000| Untracked |  0
| 122|0x0000000711e00000, 0x0000000711e00000, 0x0000000712000000|  0%| F|  |TAMS 0x0000000711e00000| PB 0x0000000711e00000| Untracked |  0
| 123|0x0000000712000000, 0x0000000712000000, 0x0000000712200000|  0%| F|  |TAMS 0x0000000712000000| PB 0x0000000712000000| Untracked |  0
| 124|0x0000000712200000, 0x0000000712200000, 0x0000000712400000|  0%| F|  |TAMS 0x0000000712200000| PB 0x0000000712200000| Untracked |  0
| 125|0x0000000712400000, 0x00000007125eb8e0, 0x0000000712600000| 96%| E|  |TAMS 0x0000000712400000| PB 0x0000000712400000| Complete |  0
| 126|0x0000000712600000, 0x0000000712800000, 0x0000000712800000|100%| E|CS|TAMS 0x0000000712600000| PB 0x0000000712600000| Complete |  0
|2026|0x00000007ffe00000, 0x00000007fff1c330, 0x0000000800000000| 55%| O|  |TAMS 0x00000007ffe00000| PB 0x00000007ffe00000| Untracked |  0

Card table byte_map: [0x0000029c76a50000,0x0000029c77240000] _byte_map_base: 0x0000029c7323b000

Marking Bits: (CMBitMap*) 0x0000029c6a821760
 Bits: [0x0000029c77240000, 0x0000029c7b198000)

Polling page: 0x0000029c67bb0000

Metaspace:

Usage:
  Non-class:    129.40 KB used.
      Class:      5.64 KB used.
       Both:    135.04 KB used.

Virtual space:
  Non-class space:       64.00 MB reserved,     192.00 KB ( <1%) committed,  1 nodes.
      Class space:        1.00 GB reserved,     128.00 KB ( <1%) committed,  1 nodes.
             Both:        1.06 GB reserved,     320.00 KB ( <1%) committed. 

Chunk freelists:
   Non-Class:  12.00 MB
       Class:  15.75 MB
        Both:  27.74 MB

MaxMetaspaceSize: unlimited
CompressedClassSpaceSize: 1.00 GB
Initial GC threshold: 21.00 MB
Current GC threshold: 21.00 MB
CDS: on
 - commit_granule_bytes: 65536.
 - commit_granule_words: 8192.
 - virtual_space_node_default_size: 8388608.
 - enlarge_chunks_in_place: 1.
UseCompressedClassPointers 1, UseCompactObjectHeaders 0
Narrow klass pointer bits 32, Max shift 3
Narrow klass base: 0x0000029c00000000, Narrow klass shift: 0
Encoding Range: [0x0000029c00000000 - 0x0000029d00000000), (4294967296 bytes)
Klass Range:    [0x0000029c00000000 - 0x0000029c41000000), (1090519040 bytes)
Klass ID Range:  [8 - 1090519033) (1090519025)


Internal statistics:

num_allocs_failed_limit: 0.
num_arena_births: 6.
num_arena_deaths: 0.
num_vsnodes_births: 2.
num_vsnodes_deaths: 0.
num_space_committed: 5.
num_space_uncommitted: 0.
num_chunks_returned_to_freelist: 0.
num_chunks_taken_from_freelist: 7.
num_chunk_merges: 0.
num_chunk_splits: 5.
num_chunks_enlarged: 2.
num_inconsistent_stats: 0.

CodeCache: size=49152Kb used=2387Kb max_used=2387Kb free=46765Kb
 bounds [0x0000029c73040000, 0x0000029c732b0000, 0x0000029c76040000]
 total_blobs=523, nmethods=199, adapters=249, full_count=0
Compilation: enabled, stopped_count=0, restarted_count=0

Compilation events (20 events):
Event: 0.171 Thread 0x0000029c450fe880  184       1       java.util.HashSet::<init> (16 bytes)
Event: 0.171 Thread 0x0000029c450fe880 nmethod 184 0x0000029c73291b88 code [0x0000029c73291ca0, 0x0000029c73291e28]
Event: 0.171 Thread 0x0000029c450fe880  185       1       java.lang.Math::max (11 bytes)
Event: 0.171 Thread 0x0000029c450fe880 nmethod 185 0x0000029c73292188 code [0x0000029c73292280, 0x0000029c73292330]
Event: 0.171 Thread 0x0000029c450fe880  187       1       java.lang.module.ResolvedModule::configuration (5 bytes)
Event: 0.171 Thread 0x0000029c450fe880 nmethod 187 0x0000029c73292a88 code [0x0000029c73292b80, 0x0000029c73292c48]
Event: 0.171 Thread 0x0000029c450fe880  191       1       java.util.HashMap::isEmpty (13 bytes)
Event: 0.171 Thread 0x0000029c450fe880 nmethod 191 0x0000029c73293088 code [0x0000029c73293180, 0x0000029c73293258]
Event: 0.171 Thread 0x0000029c450fbdd0  192       1       java.util.HashMap::size (5 bytes)
Event: 0.171 Thread 0x0000029c450fbdd0 nmethod 192 0x0000029c73293388 code [0x0000029c73293480, 0x0000029c73293548]
Event: 0.172 Thread 0x0000029c450fbdd0  193       1       java.lang.module.ModuleDescriptor$Provides::service (5 bytes)
Event: 0.172 Thread 0x0000029c450fbdd0 nmethod 193 0x0000029c73293688 code [0x0000029c73293780, 0x0000029c73293848]
Event: 0.172 Thread 0x0000029c450fbdd0  194       1       java.lang.AbstractStringBuilder::isLatin1 (19 bytes)
Event: 0.172 Thread 0x0000029c450fbdd0 nmethod 194 0x0000029c73293988 code [0x0000029c73293a80, 0x0000029c73293b58]
Event: 0.176 Thread 0x0000029c450fbdd0  197       1       java.net.URL::getFile (5 bytes)
Event: 0.176 Thread 0x0000029c45027fe0  198       1       java.net.URL::getRef (5 bytes)
Event: 0.176 Thread 0x0000029c450fe880  199       1       java.net.URL::getProtocol (5 bytes)
Event: 0.176 Thread 0x0000029c45027fe0 nmethod 198 0x0000029c73294308 code [0x0000029c73294400, 0x0000029c732944c8]
Event: 0.176 Thread 0x0000029c450fbdd0 nmethod 197 0x0000029c73294608 code [0x0000029c73294700, 0x0000029c732947c8]
Event: 0.176 Thread 0x0000029c450fe880 nmethod 199 0x0000029c73294908 code [0x0000029c73294a00, 0x0000029c73294ac8]

GC Heap History (0 events):
No events

Dll operation events (2 events):
Event: 0.017 Loaded shared library C:\Users\Wayne Kousuke\.jdks\openjdk-24.0.2+12-54\bin\java.dll
Event: 0.174 Loaded shared library C:\Users\Wayne Kousuke\.jdks\openjdk-24.0.2+12-54\bin\zip.dll

Deoptimization events (0 events):
No events

Classes loaded (5 events):
Event: 0.164 Loading class jdk/internal/module/ModuleReferenceImpl$CachedHash
Event: 0.164 Loading class jdk/internal/module/ModuleReferenceImpl$CachedHash done
Event: 0.176 Loading class sun/instrument/InstrumentationImpl
Event: 0.177 Loading class java/lang/instrument/Instrumentation
Event: 0.177 Loading class java/lang/instrument/Instrumentation done

Classes unloaded (0 events):
No events

Classes redefined (0 events):
No events

Internal exceptions (0 events):
No events

VM Operations (2 events):
Event: 0.163 Executing VM operation: HandshakeAllThreads (Deoptimize)
Event: 0.163 Executing VM operation: HandshakeAllThreads (Deoptimize) done

Memory protections (0 events):
No events

Nmethod flushes (0 events):
No events

Events (10 events):
Event: 0.035 Thread 0x0000029c6a7ba3c0 Thread added: 0x0000029c6a7ba3c0
Event: 0.049 Thread 0x0000029c6a7ba3c0 Thread added: 0x0000029c4500f660
Event: 0.049 Thread 0x0000029c6a7ba3c0 Thread added: 0x0000029c45010260
Event: 0.049 Thread 0x0000029c6a7ba3c0 Thread added: 0x0000029c45012970
Event: 0.049 Thread 0x0000029c6a7ba3c0 Thread added: 0x0000029c450155b0
Event: 0.049 Thread 0x0000029c6a7ba3c0 Thread added: 0x0000029c450180f0
Event: 0.049 Thread 0x0000029c6a7ba3c0 Thread added: 0x0000029c45018e80
Event: 0.049 Thread 0x0000029c6a7ba3c0 Thread added: 0x0000029c45027fe0
Event: 0.163 Thread 0x0000029c45027fe0 Thread added: 0x0000029c450fbdd0
Event: 0.164 Thread 0x0000029c450fbdd0 Thread added: 0x0000029c450fe880


Dynamic libraries:
0x00007ff798e90000 - 0x00007ff798e9e000 	C:\Users\Wayne Kousuke\.jdks\openjdk-24.0.2+12-54\bin\java.exe
0x00007ffb0f150000 - 0x00007ffb0f368000 	C:\WINDOWS\SYSTEM32\ntdll.dll
0x00007ffb0cff0000 - 0x00007ffb0d0b4000 	C:\WINDOWS\System32\KERNEL32.DLL
0x00007ffb0c9e0000 - 0x00007ffb0cdb3000 	C:\WINDOWS\System32\KERNELBASE.dll
0x00007ffaa2b30000 - 0x00007ffaa2c0b000 	C:\Program Files\Bitdefender\Bitdefender Security\bdhkm\dlls_268005067570918811\bdhkm64.dll
0x00007ffaa2950000 - 0x00007ffaa2b29000 	C:\Program Files\Bitdefender\Bitdefender Security\atcuf\dlls_268005067343141493\atcuf64.dll
0x00007ffb0c4c0000 - 0x00007ffb0c5d1000 	C:\WINDOWS\System32\ucrtbase.dll
0x00007ffade540000 - 0x00007ffade556000 	C:\Users\Wayne Kousuke\.jdks\openjdk-24.0.2+12-54\bin\jli.dll
0x00007ffb0e700000 - 0x00007ffb0e8b2000 	C:\WINDOWS\System32\USER32.dll
0x00007ffb0cdc0000 - 0x00007ffb0cde6000 	C:\WINDOWS\System32\win32u.dll
0x00007ffb0d250000 - 0x00007ffb0d279000 	C:\WINDOWS\System32\GDI32.dll
0x00007ffb0c6a0000 - 0x00007ffb0c7bb000 	C:\WINDOWS\System32\gdi32full.dll
0x00007ffb0c260000 - 0x00007ffb0c2fa000 	C:\WINDOWS\System32\msvcp_win.dll
0x00007ffade520000 - 0x00007ffade53b000 	C:\Users\Wayne Kousuke\.jdks\openjdk-24.0.2+12-54\bin\VCRUNTIME140.dll
0x00007ffaf2c00000 - 0x00007ffaf2e9c000 	C:\WINDOWS\WinSxS\amd64_microsoft.windows.common-controls_6595b64144ccf1df_6.0.22621.6060_none_2712eda17382d24b\COMCTL32.dll
0x00007ffb0ef80000 - 0x00007ffb0f027000 	C:\WINDOWS\System32\msvcrt.dll
0x00007ffb0eb80000 - 0x00007ffb0ebb1000 	C:\WINDOWS\System32\IMM32.DLL
0x00007ffade510000 - 0x00007ffade51c000 	C:\Users\Wayne Kousuke\.jdks\openjdk-24.0.2+12-54\bin\vcruntime140_1.dll
0x00007ffac6fa0000 - 0x00007ffac702e000 	C:\Users\Wayne Kousuke\.jdks\openjdk-24.0.2+12-54\bin\msvcp140.dll
0x00007ffa70420000 - 0x00007ffa711c1000 	C:\Users\Wayne Kousuke\.jdks\openjdk-24.0.2+12-54\bin\server\jvm.dll
0x00007ffb0d170000 - 0x00007ffb0d221000 	C:\WINDOWS\System32\ADVAPI32.dll
0x00007ffb0d3e0000 - 0x00007ffb0d488000 	C:\WINDOWS\System32\sechost.dll
0x00007ffb0c7c0000 - 0x00007ffb0c7e8000 	C:\WINDOWS\System32\bcrypt.dll
0x00007ffb0df60000 - 0x00007ffb0e078000 	C:\WINDOWS\System32\RPCRT4.dll
0x00007ffb0d5b0000 - 0x00007ffb0d621000 	C:\WINDOWS\System32\WS2_32.dll
0x00007ffb0b3f0000 - 0x00007ffb0b43d000 	C:\WINDOWS\SYSTEM32\POWRPROF.dll
0x00007ffb07400000 - 0x00007ffb07434000 	C:\WINDOWS\SYSTEM32\WINMM.dll
0x00007ffb07350000 - 0x00007ffb0735a000 	C:\WINDOWS\SYSTEM32\VERSION.dll
0x00007ffb0b3d0000 - 0x00007ffb0b3e3000 	C:\WINDOWS\SYSTEM32\UMPDC.dll
0x00007ffb0b2b0000 - 0x00007ffb0b2c8000 	C:\WINDOWS\SYSTEM32\kernel.appcore.dll
0x00007ffade500000 - 0x00007ffade50a000 	C:\Users\Wayne Kousuke\.jdks\openjdk-24.0.2+12-54\bin\jimage.dll
0x00007ffb09a40000 - 0x00007ffb09c73000 	C:\WINDOWS\SYSTEM32\DBGHELP.DLL
0x00007ffb0ebd0000 - 0x00007ffb0ef61000 	C:\WINDOWS\System32\combase.dll
0x00007ffb0f030000 - 0x00007ffb0f108000 	C:\WINDOWS\System32\OLEAUT32.dll
0x00007ffac7a90000 - 0x00007ffac7ac2000 	C:\WINDOWS\SYSTEM32\dbgcore.DLL
0x00007ffb0c300000 - 0x00007ffb0c37b000 	C:\WINDOWS\System32\bcryptPrimitives.dll
0x00007ffaed690000 - 0x00007ffaed69f000 	C:\Users\Wayne Kousuke\.jdks\openjdk-24.0.2+12-54\bin\instrument.dll
0x00007ffade430000 - 0x00007ffade44e000 	C:\Users\Wayne Kousuke\.jdks\openjdk-24.0.2+12-54\bin\java.dll
0x00007ffb0ce40000 - 0x00007ffb0cfe1000 	C:\WINDOWS\System32\ole32.dll
0x00007ffb0d6c0000 - 0x00007ffb0df5c000 	C:\WINDOWS\System32\SHELL32.dll
0x00007ffb0c380000 - 0x00007ffb0c4bf000 	C:\WINDOWS\System32\wintypes.dll
0x00007ffb0a160000 - 0x00007ffb0aa7a000 	C:\WINDOWS\SYSTEM32\windows.storage.dll
0x00007ffb0d4a0000 - 0x00007ffb0d5a4000 	C:\WINDOWS\System32\SHCORE.dll
0x00007ffb0e620000 - 0x00007ffb0e689000 	C:\WINDOWS\System32\shlwapi.dll
0x00007ffb0c190000 - 0x00007ffb0c1b5000 	C:\WINDOWS\SYSTEM32\profapi.dll
0x00007ffada9b0000 - 0x00007ffada9c7000 	C:\Users\Wayne Kousuke\.jdks\openjdk-24.0.2+12-54\bin\zip.dll

JVMTI agents:
D:\Jetbrains\IntelliJ IDEA 2024.3.3\lib\idea_rt.jar path:C:\Users\Wayne Kousuke\.jdks\openjdk-24.0.2+12-54\bin\instrument.dll, loaded, initialized, instrumentlib options:61317:D:\Jetbrains\IntelliJ IDEA 2024.3.3\bin

dbghelp: loaded successfully - version: 4.0.5 - missing functions: none
symbol engine: initialized successfully - sym options: 0x614 - pdb path: .;C:\Users\Wayne Kousuke\.jdks\openjdk-24.0.2+12-54\bin;C:\WINDOWS\SYSTEM32;C:\Program Files\Bitdefender\Bitdefender Security\bdhkm\dlls_268005067570918811;C:\Program Files\Bitdefender\Bitdefender Security\atcuf\dlls_268005067343141493;C:\WINDOWS\WinSxS\amd64_microsoft.windows.common-controls_6595b64144ccf1df_6.0.22621.6060_none_2712eda17382d24b;C:\Users\Wayne Kousuke\.jdks\openjdk-24.0.2+12-54\bin\server

VM Arguments:
jvm_args: -XX:TieredStopAtLevel=1 -Dspring.output.ansi.enabled=always -Dcom.sun.management.jmxremote -Dspring.jmx.enabled=true -Dspring.liveBeansView.mbeanDomain -Dspring.application.admin.enabled=true -Dmanagement.endpoints.jmx.exposure.include=* -javaagent:D:\Jetbrains\IntelliJ IDEA 2024.3.3\lib\idea_rt.jar=61317:D:\Jetbrains\IntelliJ IDEA 2024.3.3\bin -Dfile.encoding=UTF-8 -Dsun.stdout.encoding=UTF-8 -Dsun.stderr.encoding=UTF-8 
java_command: com.oopproject.grademaster.GrademasterApplication
java_class_path (initial): D:\Visual Studio Code\Workspace 1\Java\CIS 2103\GradeMaster_v0.2\grademaster-springboot-server\target\classes;C:\Users\Wayne Kousuke\.m2\repository\org\springframework\boot\spring-boot-starter-webmvc\4.0.0\spring-boot-starter-webmvc-4.0.0.jar;C:\Users\Wayne Kousuke\.m2\repository\org\springframework\boot\spring-boot-starter\4.0.0\spring-boot-starter-4.0.0.jar;C:\Users\Wayne Kousuke\.m2\repository\org\springframework\boot\spring-boot-starter-logging\4.0.0\spring-boot-starter-logging-4.0.0.jar;C:\Users\Wayne Kousuke\.m2\repository\ch\qos\logback\logback-classic\1.5.21\logback-classic-1.5.21.jar;C:\Users\Wayne Kousuke\.m2\repository\ch\qos\logback\logback-core\1.5.21\logback-core-1.5.21.jar;C:\Users\Wayne Kousuke\.m2\repository\org\apache\logging\log4j\log4j-to-slf4j\2.25.2\log4j-to-slf4j-2.25.2.jar;C:\Users\Wayne Kousuke\.m2\repository\org\apache\logging\log4j\log4j-api\2.25.2\log4j-api-2.25.2.jar;C:\Users\Wayne Kousuke\.m2\repository\org\slf4j\jul-to-slf4j\2.0.17\jul-to-slf4j-2.0.17.jar;C:\Users\Wayne Kousuke\.m2\repository\org\springframework\boot\spring-boot-autoconfigure\4.0.0\spring-boot-autoconfigure-4.0.0.jar;C:\Users\Wayne Kousuke\.m2\repository\jakarta\annotation\jakarta.annotation-api\3.0.0\jakarta.annotation-api-3.0.0.jar;C:\Users\Wayne Kousuke\.m2\repository\org\yaml\snakeyaml\2.5\snakeyaml-2.5.jar;C:\Users\Wayne Kousuke\.m2\repository\org\springframework\boot\spring-boot-starter-jackson\4.0.0\spring-boot-starter-jackson-4.0.0.jar;C:\Users\Wayne Kousuke\.m2\repository\org\springframework\boot\spring-boot-jackson\4.0.0\spring-boot-jackson-4.0.0.jar;C:\Users\Wayne Kousuke\.m2\repository\tools\jackson\core\jackson-databind\3.0.2\jackson-databind-3.0.2.jar;C:\Users\Wayne Kousuke\.m2\repository\com\fasterxml\jackson\core\jackson-annotations\2.20\jackson-annotations-2.20.jar;C:\Users\Wayne Kousuke\.m2\repository\tools\jackson\core\jackson-core\3.0.2\jackson-core-3.0.2.jar;C:\Users\Wayne Kousuke\.m2\repository\org\springframework\boot\spring-boot-starter-tomcat\4.0.0\spring-boot-starter-tomcat-4.0.0.jar;C:\Users\Wayne Kousuke\.m2\repository\org\springframework\boot\spring-boot-starter-tomcat-runtime\4.0.0\spring-boot-starter-tomcat-runtime-4.0.0.jar;C:\Users\Wayne Kousuke\.m2\repository\org\apache\tomcat\embed\tomcat-embed-core\11.0.14\tomcat-embed-core-11.0.14.jar;C:\Users\Wayne Kousuke\.m2\repository\org\apache\tomcat\embed\tomcat-embed-el\11.0.14\tomcat-embed-el-11.0.14.jar;C:\Users\Wayne Kousuke\.m2\repository\org\apache\tomcat\embed\tomcat-embed-websocket\11.0.14\tomcat-embed-websocket-11.0.14.jar;C:\Users\Wayne Kousuke\.m2\repository\org\springframework\boot\spring-boot-tomcat\4.0.0\spring-boot-tomcat-4.0.0.jar;C:\Users\Wayne Kousuke\.m2\repository\org\springframework\boot\spring-boot-http-converter\4.0.0\spring-boot-http-converter-4.0.0.jar;C:\Users\Wayne Kousuke\.m2\repository\org\springframework\boot\spring-boot\4.0.0\spring-boot-4.0.0.jar;C:\Users\Wayne Kousuke\.m2\repository\org\springframework\spring-context\7.0.1\spring-context-7.0.1.jar;C:\Users\Wayne Kousuke\.m2\repository\org\springframework\spring-web\7.0.1\spring-web-7.0.1.jar;C:\Users\Wayne Kousuke\.m2\repository\org\springframework\spring-beans\7.0.1\spring-beans-7.0.1.jar;C:\Users\Wayne Kousuke\.m2\repository\io\micrometer\micrometer-observation\1.16.0\micrometer-observation-1.16.0.jar;C:\Users\Wayne Kousuke\.m2\repository\io\micrometer\micrometer-commons\1.16.0\micrometer-commons-1.16.0.jar;C:\Users\Wayne Kousuke\.m2\repository\org\springframework\boot\spring-boot-webmvc\4.0.0\spring-boot-webmvc-4.0.0.jar;C:\Users\Wayne Kousuke\.m2\repository\org\springframework\boot\spring-boot-servlet\4.0.0\spring-boot-servlet-4.0.0.jar;C:\Users\Wayne Kousuke\.m2\repository\org\springframework\spring-webmvc\7.0.1\spring-webmvc-7.0.1.jar;C:\Users\Wayne Kousuke\.m2\repository\org\springframework\spring-aop\7.0.1\spring-aop-7.0.1.jar;C:\Users\Wayne Kousuke\.m2\repository\org\springframework\spring-expression\7.0.1\spring-expression-7.0.1.jar;C:\Users\Wayne Kousuke\.m2\repository\org\slf4j\slf4j-api\2.0.17\slf4j-api-2.0.17.jar;C:\Users\Wayne Kousuke\.m2\repository\jakarta\xml\bind\jakarta.xml.bind-api\4.0.4\jakarta.xml.bind-api-4.0.4.jar;C:\Users\Wayne Kousuke\.m2\repository\jakarta\activation\jakarta.activation-api\2.1.4\jakarta.activation-api-2.1.4.jar;C:\Users\Wayne Kousuke\.m2\repository\net\bytebuddy\byte-buddy\1.17.8\byte-buddy-1.17.8.jar;C:\Users\Wayne Kousuke\.m2\repository\org\springframework\spring-core\7.0.1\spring-core-7.0.1.jar;C:\Users\Wayne Kousuke\.m2\repository\commons-logging\commons-logging\1.3.5\commons-logging-1.3.5.jar;C:\Users\Wayne Kousuke\.m2\repository\org\jspecify\jspecify\1.0.0\jspecify-1.0.0.jar;C:\Users\Wayne Kousuke\.m2\repository\org\springframework\boot\spring-boot-web-server\4.0.0\spring-boot-web-server-4.0.0.jar;C:\Users\Wayne Kousuke\.m2\repository\org\springframework\boot\spring-boot-starter-data-jpa\4.0.0\spring-boot-starter-data-jpa-4.0.0.jar;C:\Users\Wayne Kousuke\.m2\repository\org\springframework\boot\spring-boot-starter-jdbc\4.0.0\spring-boot-starter-jdbc-4.0.0.jar;C:\Users\Wayne Kousuke\.m2\repository\com\zaxxer\HikariCP\7.0.2\HikariCP-7.0.2.jar;C:\Users\Wayne Kousuke\.m2\repository\org\springframework\boot\spring-boot-data-jpa\4.0.0\spring-boot-data-jpa-4.0.0.jar;C:\Users\Wayne Kousuke\.m2\repository\org\springframework\boot\spring-boot-data-commons\4.0.0\spring-boot-data-commons-4.0.0.jar;C:\Users\Wayne Kousuke\.m2\repository\org\springframework\boot\spring-boot-persistence\4.0.0\spring-boot-persistence-4.0.0.jar;C:\Users\Wayne Kousuke\.m2\repository\org\springframework\data\spring-data-commons\4.0.0\spring-data-commons-4.0.0.jar;C:\Users\Wayne Kousuke\.m2\repository\org\springframework\boot\spring-boot-hibernate\4.0.0\spring-boot-hibernate-4.0.0.jar;C:\Users\Wayne Kousuke\.m2\repository\org\springframework\boot\spring-boot-jpa\4.0.0\spring-boot-jpa-4.0.0.jar;C:\Users\Wayne Kousuke\.m2\repository\jakarta\persistence\jakarta.persistence-api\3.2.0\jakarta.persistence-api-3.2.0.jar;C:\Users\Wayne Kousuke\.m2\repository\org\hibernate\orm\hibernate-core\7.1.8.Final\hibernate-core-7.1.8.Final.jar;C:\Users\Wayne Kousuke\.m2\repository\jakarta\transaction\jakarta.transaction-api\2.0.1\jakarta.transaction-api-2.0.1.jar;C:\Users\Wayne Kousuke\.m2\repository\org\jboss\logging\jboss-logging\3.6.1.Final\jboss-logging-3.6.1.Final.jar;C:\Users\Wayne Kousuke\.m2\repository\org\hibernate\models\hibernate-models\1.0.1\hibernate-models-1.0.1.jar;C:\Users\Wayne Kousuke\.m2\repository\com\fasterxml\classmate\1.7.1\classmate-1.7.1.jar;C:\Users\Wayne Kousuke\.m2\repository\org\glassfish\jaxb\jaxb-runtime\4.0.6\jaxb-runtime-4.0.6.jar;C:\Users\Wayne Kousuke\.m2\repository\org\glassfish\jaxb\jaxb-core\4.0.6\jaxb-core-4.0.6.jar;C:\Users\Wayne Kousuke\.m2\repository\org\eclipse\angus\angus-activation\2.0.3\angus-activation-2.0.3.jar;C:\Users\Wayne Kousuke\.m2\repository\org\glassfish\jaxb\txw2\4.0.6\txw2-4.0.6.jar;C:\Users\Wayne Kousuke\.m2\repository\com\sun\istack\istack-commons-runtime\4.1.2\istack-commons-runtime-4.1.2.jar;C:\Users\Wayne Kousuke\.m2\repository\jakarta\inject\jakarta.inject-api\2.0.1\jakarta.inject-api-2.0.1.jar;C:\Users\Wayne Kousuke\.m2\repository\org\springframework\spring-orm\7.0.1\spring-orm-7.0.1.jar;C:\Users\Wayne Kousuke\.m2\repository\org\springframework\data\spring-data-jpa\4.0.0\spring-data-jpa-4.0.0.jar;C:\Users\Wayne Kousuke\.m2\repository\org\springframework\spring-tx\7.0.1\spring-tx-7.0.1.jar;C:\Users\Wayne Kousuke\.m2\repository\org\antlr\antlr4-runtime\4.13.2\antlr4-runtime-4.13.2.jar;C:\Users\Wayne Kousuke\.m2\repository\org\springframework\spring-aspects\7.0.1\spring-aspects-7.0.1.jar;C:\Users\Wayne Kousuke\.m2\repository\org\aspectj\aspectjweaver\1.9.25\aspectjweaver-1.9.25.jar;C:\Users\Wayne Kousuke\.m2\repository\org\springframework\boot\spring-boot-jdbc\4.0.0\spring-boot-jdbc-4.0.0.jar;C:\Users\Wayne Kousuke\.m2\repository\org\springframework\boot\spring-boot-sql\4.0.0\spring-boot-sql-4.0.0.jar;C:\Users\Wayne Kousuke\.m2\repository\org\springframework\boot\spring-boot-transaction\4.0.0\spring-boot-transaction-4.0.0.jar;C:\Users\Wayne Kousuke\.m2\repository\org\springframework\spring-jdbc\7.0.1\spring-jdbc-7.0.1.jar;C:\Users\Wayne Kousuke\.m2\repository\com\mysql\mysql-connector-j\8.0.33\mysql-connector-j-8.0.33.jar
Launcher Type: SUN_STANDARD

[Global flags]
     intx CICompilerCount                          = 4                                         {product} {ergonomic}
     uint ConcGCThreads                            = 2                                         {product} {ergonomic}
     uint G1ConcRefinementThreads                  = 8                                         {product} {ergonomic}
   size_t G1HeapRegionSize                         = 2097152                                   {product} {ergonomic}
   size_t InitialHeapSize                          = 266338304                                 {product} {ergonomic}
     bool ManagementServer                         = true                                      {product} {command line}
   size_t MarkStackSize                            = 4194304                                   {product} {ergonomic}
   size_t MarkStackSizeMax                         = 536870912                                 {product} {ergonomic}
   size_t MaxHeapSize                              = 4250927104                                {product} {ergonomic}
   size_t MaxNewSize                               = 2550136832                                {product} {ergonomic}
   size_t MinHeapDeltaBytes                        = 2097152                                   {product} {ergonomic}
   size_t MinHeapSize                              = 8388608                                   {product} {ergonomic}
    uintx NonNMethodCodeHeapSize                   = 4096                                   {pd product} {ergonomic}
    uintx NonProfiledCodeHeapSize                  = 0                                      {pd product} {ergonomic}
     bool ProfileInterpreter                       = false                                  {pd product} {command line}
    uintx ProfiledCodeHeapSize                     = 0                                      {pd product} {ergonomic}
   size_t SoftMaxHeapSize                          = 4250927104                             {manageable} {ergonomic}
     intx TieredStopAtLevel                        = 1                                         {product} {command line}
     bool UseCompressedOops                        = true                           {product lp64_product} {ergonomic}
     bool UseG1GC                                  = true                                      {product} {ergonomic}
     bool UseLargePagesIndividualAllocation        = false                                  {pd product} {ergonomic}

Logging:
Log output configuration:
 #0: stdout all=warning uptime,level,tags foldmultilines=false
 #1: stderr all=off uptime,level,tags foldmultilines=false

Environment Variables:
PATH=C:\Program Files (x86)\Common Files\Intel\Shared Libraries\redist\intel64_win\compiler;C:\Python312\Scripts\;C:\Python312\;C:\Program Files (x86)\Common Files\Oracle\Java\javapath;C:\ProgramData\Oracle\Java\javapath;C:\Windows\system32;C:\Windows;C:\Windows\System32\Wbem;C:\Windows\System32\WindowsPowerShell\v1.0\;C:\Windows\System32\OpenSSH\;C:\Program Files (x86)\NVIDIA Corporation\PhysX\Common;C:\Program Files\dotnet\;C:\WINDOWS\system32;C:\WINDOWS;C:\WINDOWS\System32\Wbem;C:\WINDOWS\System32\WindowsPowerShell\v1.0\;C:\WINDOWS\System32\OpenSSH\;C:\ProgramData\chocolatey\bin;D:\Visual Studio Code\Github CLI\;D:\Visual Studio Code\Git\Git\cmd;C:\Program Files\NVIDIA Corporation\NVIDIA app\NvDLISR;D:\msys64\mingw64\bin;D:\Visual Studio Code\Microsoft VS Code\;D:\Visual Studio Code\Dependencies\Exiftool;D:\Visual Studio Code\Dependencies\Jq;D:\Node.js\;C:\Program Files (x86)\Microsoft SQL Server\170\Tools\Binn\;C:\Program Files\Microsoft SQL Server\170\Tools\Binn\;C:\Program Files\Microsoft SQL Server\Client SDK\ODBC\180\Tools\Binn\;C:\Program Files\Microsoft SQL Server\170\DTS\Binn\;C:\Program Files\Microsoft SQL Server\Client SDK\ODBC\170\Tools\Binn\;C:\Program Files (x86)\Microsoft SQL Server\150\Tools\Binn\;C:\Program Files\Microsoft SQL Server\150\Tools\Binn\;C:\Program Files\Microsoft SQL Server\150\DTS\Binn\;C:\Program Files (x86)\Microsoft SQL Server\150\DTS\Binn\;C:\Program Files\Microsoft SQL Server\130\DTS\Binn\;C:\Program Files\Microsoft SQL Server\140\DTS\Binn\;C:\Program Files\Microsoft SQL Server\160\DTS\Binn\;C:\Users\Wayne Kousuke\AppData\Local\Programs\Python\Launcher\;C:\Users\Wayne Kousuke\AppData\Local\Microsoft\WindowsApps;C:\Users\Wayne Kousuke\AppData\Local\spicetify;D:\Visual Studio Code\Microsoft VS Code\bin;D:\msys64\ucrt64\bin;C:\Users\Wayne Kousuke\AppData\Local\GitHubDesktop\bin;D:\Jetbrains\IntelliJ IDEA 2024.3.3\bin;;C:\Users\Wayne Kousuke\AppData\Roaming\npm
USERNAME=Wayne Kousuke
OS=Windows_NT
PROCESSOR_IDENTIFIER=Intel64 Family 6 Model 165 Stepping 2, GenuineIntel
TMP=C:\Users\WAYNEK~1\AppData\Local\Temp
TEMP=C:\Users\WAYNEK~1\AppData\Local\Temp




Periodic native trim disabled

---------------  S Y S T E M  ---------------

OS:
 Windows 11 , 64 bit Build 22621 (10.0.22621.5415)
OS uptime: 0 days 6:35 hours

CPU: total 8 (initial active 8) (4 cores per cpu, 2 threads per core) family 6 model 165 stepping 2 microcode 0xea, cx8, cmov, fxsr, ht, mmx, 3dnowpref, sse, sse2, sse3, ssse3, sse4.1, sse4.2, popcnt, lzcnt, tsc, tscinvbit, avx, avx2, aes, erms, clmul, bmi1, bmi2, adx, fma, vzeroupper, clflush, clflushopt, rdtscp, f16c, pku
Processor Information for the first 8 processors :
  Max Mhz: 2496, Current Mhz: 2496, Mhz Limit: 2496

Memory: 4k page, system-wide physical 16215M (2200M free)
TotalPageFile size 21335M (AvailPageFile size 334M)
current process WorkingSet (physical memory assigned to process): 39M, peak: 39M
current process commit charge ("private bytes"): 338M, peak: 338M

vm_info: OpenJDK 64-Bit Server VM (24.0.2+12-54) for windows-amd64 JRE (24.0.2+12-54), built on 2025-07-08T12:10:27Z with MS VC++ 17.6 (VS2022)

END.
