#
# A fatal error has been detected by the Java Runtime Environment:
#
#  EXCEPTION_ACCESS_VIOLATION (0xc0000005) at pc=0x00007ffba4416a17, pid=14228, tid=21740
#
# JRE version: OpenJDK Runtime Environment Temurin-21.0.9+10 (21.0.9+10) (build 21.0.9+10-LTS)
# Java VM: OpenJDK 64-Bit Server VM Temurin-21.0.9+10 (21.0.9+10-LTS, mixed mode, sharing, tiered, compressed oops, compressed class ptrs, g1 gc, windows-amd64)
# Problematic frame:
# C  [glass.dll+0x26a17]
#
# No core dump will be written. Minidumps are not enabled by default on client versions of Windows
#
# If you would like to submit a bug report, please visit:
#   https://github.com/adoptium/adoptium-support/issues
#

---------------  S U M M A R Y ------------

Command Line: -javaagent:D:\Jetbrains\IntelliJ IDEA 2024.3.3\lib\idea_rt.jar=61201:D:\Jetbrains\IntelliJ IDEA 2024.3.3\bin -Dfile.encoding=UTF-8 -Dsun.stdout.encoding=UTF-8 -Dsun.stderr.encoding=UTF-8 --module-path=D:\Visual Studio Code\Workspace 1\Java\CIS 2103\GradeMaster_v0.2\grademaster-client\target\classes;C:\Users\Wayne Kousuke\.m2\repository\com\google\code\gson\gson\2.11.0\gson-2.11.0.jar;C:\Users\Wayne Kousuke\.m2\repository\org\openjfx\javafx-base\21.0.4\javafx-base-21.0.4-win.jar;C:\Users\Wayne Kousuke\.m2\repository\org\openjfx\javafx-graphics\21.0.4\javafx-graphics-21.0.4-win.jar;C:\Users\Wayne Kousuke\.m2\repository\com\google\errorprone\error_prone_annotations\2.27.0\error_prone_annotations-2.27.0.jar;C:\Users\Wayne Kousuke\.m2\repository\org\kordamp\ikonli\ikonli-fontawesome5-pack\12.3.1\ikonli-fontawesome5-pack-12.3.1.jar;C:\Users\Wayne Kousuke\.m2\repository\org\kordamp\ikonli\ikonli-core\12.3.1\ikonli-core-12.3.1.jar;C:\Users\Wayne Kousuke\.m2\repository\org\openjfx\javafx-controls\21.0.4\javafx-controls-21.0.4-win.jar;C:\Users\Wayne Kousuke\.m2\repository\org\kordamp\ikonli\ikonli-javafx\12.3.1\ikonli-javafx-12.3.1.jar -Djdk.module.main=grademaster.client grademaster.client/org.grademaster.Main

Host: Intel(R) Core(TM) i5-10300H CPU @ 2.50GHz, 8 cores, 15G,  Windows 11 , 64 bit Build 22621 (10.0.22621.5415)
Time: Sun Nov 30 23:23:34 2025 Malay Peninsula Standard Time elapsed time: 92.852452 seconds (0d 0h 1m 32s)

---------------  T H R E A D  ---------------

Current thread (0x000001e268483e80):  VMThread "VM Thread"          [id=21740, stack(0x00000086c3100000,0x00000086c3200000) (1024K)]

Stack: [0x00000086c3100000,0x00000086c3200000],  sp=0x00000086c31ff0f0,  free space=1020k
Native frames: (J=compiled Java code, j=interpreted, Vv=VM code, C=native code)
C  [glass.dll+0x26a17]


siginfo: EXCEPTION_ACCESS_VIOLATION (0xc0000005), reading address 0x0000000000000000


Registers:
RAX=0x0000000000000000, RBX=0x000001e268491852, RCX=0x000001e268483e80, RDX=0x00000086c31ff0f0
RSP=0x00000086c31ff0f0, RBP=0x000001e26dada328, RSI=0x00000086c31ff1f8, RDI=0x000001e26dada300
R8 =0x0000000000010002, R9 =0x000001e26dada300, R10=0x85f13e9656da4870, R11=0x00000086c31ff080
R12=0x00007ffba4414360, R13=0x00007ffb6ecc5650, R14=0x000076c69c009c86, R15=0x000001e26dada300
RIP=0x00007ffba4416a17, EFLAGS=0x0000000000010206

XMM[0]=0x0000000000000000 0x0000000000000000
XMM[1]=0x0000000000000000 0x00000086c31fdda0
XMM[2]=0x0000000000000000 0x0000000000000000
XMM[3]=0x0000000000000000 0x0000000000000000
XMM[4]=0x0000000000000000 0x0000000000000000
XMM[5]=0x0000000000000000 0x0000000000000000
XMM[6]=0x0000000000000000 0x0000000000000000
XMM[7]=0x0000000000000000 0x404e000000000000
XMM[8]=0x0000000000000000 0x0000000000000000
XMM[9]=0x0000000000000000 0x0000000000000000
XMM[10]=0x0000000000000000 0x0000000000000000
XMM[11]=0x0000000000000000 0x0000000000000000
XMM[12]=0x0000000000000000 0x0000000000000000
XMM[13]=0x0000000000000000 0x0000000000000000
XMM[14]=0x0000000000000000 0x0000000000000000
XMM[15]=0x0000000000000000 0x0000000000000000
  MXCSR=0x00001fa1


Register to memory mapping:

RAX=0x0 is null
RBX=0x000001e268491852 is a global jni handle
RCX=0x000001e268483e80 points into unknown readable memory: 0x00007ffb6eac29a0 | a0 29 ac 6e fb 7f 00 00
RDX=0x00000086c31ff0f0 points into unknown readable memory: 0x0000000000000000 | 00 00 00 00 00 00 00 00
RSP=0x00000086c31ff0f0 points into unknown readable memory: 0x0000000000000000 | 00 00 00 00 00 00 00 00
RBP=0x000001e26dada328 points into unknown readable memory: 0x000076c69c009c86 | 86 9c 00 9c c6 76 00 00
RSI=0x00000086c31ff1f8 points into unknown readable memory: 0x00000086c31ff1e0 | e0 f1 1f c3 86 00 00 00
RDI=0x000001e26dada300 points into unknown readable memory: 0x001f882f8c4f0286 | 86 02 4f 8c 2f 88 1f 00
R8 =0x0000000000010002 is an unknown value
R9 =0x000001e26dada300 points into unknown readable memory: 0x001f882f8c4f0286 | 86 02 4f 8c 2f 88 1f 00
R10=0x85f13e9656da4870 is an unknown value
R11=0x00000086c31ff080 points into unknown readable memory: 0x000001e26dada300 | 00 a3 ad 6d e2 01 00 00
R12=0x00007ffba4414360 glass.dll
R13=0x00007ffb6ecc5650 jvm.dll
R14=0x000076c69c009c86 is an unknown value
R15=0x000001e26dada300 points into unknown readable memory: 0x001f882f8c4f0286 | 86 02 4f 8c 2f 88 1f 00

Top of Stack: (sp=0x00000086c31ff0f0)
0x00000086c31ff0f0:   0000000000000000 00000086c31ff1f8
0x00000086c31ff100:   00007ffb6ecc5650 00007ffba4414360
0x00000086c31ff110:   000001e26dada308 00007ffbf23f3a93
0x00000086c31ff120:   000001e26dada300 000001e200000000
0x00000086c31ff130:   000001e26dada328 00000086c31ff1f8
0x00000086c31ff140:   fffffffffffffffe 0000000000000000
0x00000086c31ff150:   0000000000000001 00007ffba43f0000
0x00000086c31ff160:   00000086c31ff1e8 00007ffbf23c042e
0x00000086c31ff170:   0000000000000000 00000086c31ff1f8
0x00000086c31ff180:   00000086c31ff4e0 0000000000000001
0x00000086c31ff190:   0000000000000001 00007ffbf23bdddd
0x00000086c31ff1a0:   0000000000000000 00007ffba4413b59
0x00000086c31ff1b0:   00007ffbe71da6d0 00000086c31ff1e8
0x00000086c31ff1c0:   fffffffffffffffe 00000086c31ff1b0
0x00000086c31ff1d0:   0000000000000000 00007ffba44141ed
0x00000086c31ff1e0:   00007ffba442a008 00007ffb00000002
0x00000086c31ff1f0:   0000000000000002 00000086c31ff1e0
0x00000086c31ff200:   00003e7aca8a7f00 00007ffbf52b8b33
0x00000086c31ff210:   0000000000000000 00007ffba4414312
0x00000086c31ff220:   0000000000000001 000000007ffe0385
0x00000086c31ff230:   00000086c31ff4e0 0000000000000001
0x00000086c31ff240:   0000000000000001 00007ffbf23b364b
0x00000086c31ff250:   00007ffb00000001 0000000000000000
0x00000086c31ff260:   00007ffba43f0000 000000007ffe0384
0x00000086c31ff270:   0000000000000000 00007ffbf52b8bcf
0x00000086c31ff280:   00007ffba43f0000 0000000000000000
0x00000086c31ff290:   0000000000000001 000000007ffe0385
0x00000086c31ff2a0:   00007ffbf53c8920 00007ffb7d9a45ac
0x00000086c31ff2b0:   0000fe55a3483600 00007ffb7d950000
0x00000086c31ff2c0:   00007ffba4414360 0000000000000000
0x00000086c31ff2d0:   0000000000000000 00000086c29a0000
0x00000086c31ff2e0:   000001e26d746100 00007ffbf52e15d6 

Instructions: (pc=0x00007ffba4416a17)
0x00007ffba4416917:   8b 4d 58 e8 8d cf ff ff 48 8b 4d 60 e8 84 cf ff
0x00007ffba4416927:   ff 48 8b 95 80 00 00 00 48 8b 8d 18 01 00 00 e8
0x00007ffba4416937:   76 c4 ff ff 33 d2 33 c9 e8 cc e1 ff ff 90 48 89
0x00007ffba4416947:   54 24 10 55 48 83 ec 20 48 8b ea 48 b8 00 00 00
0x00007ffba4416957:   00 00 00 00 00 48 83 c4 20 5d c3 cc 40 55 48 8b
0x00007ffba4416967:   ea 48 8b 01 33 c9 81 38 05 00 00 c0 0f 94 c1 8b
0x00007ffba4416977:   c1 5d c3 cc 40 55 48 83 ec 20 48 8b ea 8a 4d 40
0x00007ffba4416987:   48 83 c4 20 5d e9 73 d3 ff ff cc 40 55 48 83 ec
0x00007ffba4416997:   20 48 8b ea 8a 4d 20 e8 61 d3 ff ff 90 48 83 c4
0x00007ffba44169a7:   20 5d c3 cc 40 55 48 83 ec 20 48 8b ea 48 83 c4
0x00007ffba44169b7:   20 5d e9 c2 d1 ff ff cc 40 55 48 83 ec 30 48 8b
0x00007ffba44169c7:   ea 48 8b 01 8b 10 48 89 4c 24 28 89 54 24 20 4c
0x00007ffba44169d7:   8d 0d 63 d6 ff ff 4c 8b 45 70 8b 55 68 48 8b 4d
0x00007ffba44169e7:   60 e8 03 d1 ff ff 90 48 83 c4 30 5d c3 cc cc cc
0x00007ffba44169f7:   cc cc cc cc cc cc cc cc cc 40 53 48 83 ec 20 48
0x00007ffba4416a07:   8b 1d fb 2f 01 00 48 85 db 74 16 e8 89 8f ff ff
0x00007ffba4416a17:   4c 8b 00 48 8b d3 48 8b c8 41 ff 90 b0 00 00 00
0x00007ffba4416a27:   90 48 83 c4 20 5b c3 cc cc 40 53 48 83 ec 20 48
0x00007ffba4416a37:   8b 1d 6b 31 01 00 48 85 db 74 57 b8 ff ff ff ff
0x00007ffba4416a47:   f0 0f c1 43 10 83 f8 01 75 3d 48 85 db 74 38 48
0x00007ffba4416a57:   8b 0b 48 85 c9 74 0d ff 15 44 08 00 00 48 c7 03
0x00007ffba4416a67:   00 00 00 00 48 8b 4b 08 48 85 c9 74 0d e8 33 ce
0x00007ffba4416a77:   ff ff 48 c7 43 08 00 00 00 00 ba 18 00 00 00 48
0x00007ffba4416a87:   8b cb e8 1e ce ff ff 48 c7 05 0f 31 01 00 00 00
0x00007ffba4416a97:   00 00 48 83 c4 20 5b c3 cc 40 53 48 83 ec 20 48
0x00007ffba4416aa7:   8b 1d db 30 01 00 48 85 db 74 57 b8 ff ff ff ff
0x00007ffba4416ab7:   f0 0f c1 43 10 83 f8 01 75 3d 48 85 db 74 38 48
0x00007ffba4416ac7:   8b 0b 48 85 c9 74 0d ff 15 d4 07 00 00 48 c7 03
0x00007ffba4416ad7:   00 00 00 00 48 8b 4b 08 48 85 c9 74 0d e8 c3 cd
0x00007ffba4416ae7:   ff ff 48 c7 43 08 00 00 00 00 ba 18 00 00 00 48
0x00007ffba4416af7:   8b cb e8 ae cd ff ff 48 c7 05 7f 30 01 00 00 00
0x00007ffba4416b07:   00 00 48 83 c4 20 5b c3 cc 40 53 48 83 ec 20 48 


Stack slot to memory mapping:

stack at sp + 0 slots: 0x0 is null
stack at sp + 1 slots: 0x00000086c31ff1f8 points into unknown readable memory: 0x00000086c31ff1e0 | e0 f1 1f c3 86 00 00 00
stack at sp + 2 slots: 0x00007ffb6ecc5650 jvm.dll
stack at sp + 3 slots: 0x00007ffba4414360 glass.dll
stack at sp + 4 slots: 0x000001e26dada308 points into unknown readable memory: 0x000076c69c009c86 | 86 9c 00 9c c6 76 00 00
stack at sp + 5 slots: 0x00007ffbf23f3a93 ucrtbase.dll
stack at sp + 6 slots: 0x000001e26dada300 points into unknown readable memory: 0x001f882f8c4f0286 | 86 02 4f 8c 2f 88 1f 00
stack at sp + 7 slots: 0x000001e200000000 is pointing into metadata

VM_Operation (0x00000086c40feda0): Exit, mode: safepoint, requested by thread 0x000001e2756d8300


---------------  P R O C E S S  ---------------

Threads class SMR info:
_java_thread_list=0x000001e279aaae50, length=23, elements={
0x000001e2491da2e0, 0x000001e26849d9a0, 0x000001e26849ea60, 0x000001e2684a41a0,
0x000001e2684a5870, 0x000001e2684a8ba0, 0x000001e2684afa60, 0x000001e2684b1e50,
0x000001e268595ae0, 0x000001e268866c70, 0x000001e2688672d0, 0x000001e26d529120,
0x000001e26e2910a0, 0x000001e26df359d0, 0x000001e26d601210, 0x000001e26e367600,
0x000001e26e0d0e90, 0x000001e26dd9a510, 0x000001e26dc0c560, 0x000001e26dc0cbf0,
0x000001e2756d9d40, 0x000001e2756d96b0, 0x000001e2756d8300
}

Java Threads: ( => current thread )
  0x000001e2491da2e0 JavaThread "main"                              [_thread_blocked, id=6968, stack(0x00000086c2a00000,0x00000086c2b00000) (1024K)]
  0x000001e26849d9a0 JavaThread "Reference Handler"          daemon [_thread_blocked, id=17652, stack(0x00000086c3200000,0x00000086c3300000) (1024K)]
  0x000001e26849ea60 JavaThread "Finalizer"                  daemon [_thread_blocked, id=21984, stack(0x00000086c3300000,0x00000086c3400000) (1024K)]
  0x000001e2684a41a0 JavaThread "Attach Listener"            daemon [_thread_blocked, id=10416, stack(0x00000086c3500000,0x00000086c3600000) (1024K)]
  0x000001e2684a5870 JavaThread "Service Thread"             daemon [_thread_blocked, id=17788, stack(0x00000086c3600000,0x00000086c3700000) (1024K)]
  0x000001e2684a8ba0 JavaThread "Monitor Deflation Thread"   daemon [_thread_blocked, id=22632, stack(0x00000086c3700000,0x00000086c3800000) (1024K)]
  0x000001e2684afa60 JavaThread "C2 CompilerThread0"         daemon [_thread_blocked, id=16828, stack(0x00000086c3800000,0x00000086c3900000) (1024K)]
  0x000001e2684b1e50 JavaThread "C1 CompilerThread0"         daemon [_thread_blocked, id=11600, stack(0x00000086c3900000,0x00000086c3a00000) (1024K)]
  0x000001e268595ae0 JavaThread "Common-Cleaner"             daemon [_thread_blocked, id=20476, stack(0x00000086c3a00000,0x00000086c3b00000) (1024K)]
  0x000001e268866c70 JavaThread "Monitor Ctrl-Break"         daemon [_thread_in_native, id=19792, stack(0x00000086c3d00000,0x00000086c3e00000) (1024K)]
  0x000001e2688672d0 JavaThread "Notification Thread"        daemon [_thread_blocked, id=16560, stack(0x00000086c3e00000,0x00000086c3f00000) (1024K)]
  0x000001e26d529120 JavaThread "QuantumRenderer-0"          daemon [_thread_blocked, id=7204, stack(0x00000086c3f00000,0x00000086c4000000) (1024K)]
  0x000001e26e2910a0 JavaThread "RMI TCP Accept-0"           daemon [_thread_in_native, id=13276, stack(0x00000086c4900000,0x00000086c4a00000) (1024K)]
  0x000001e26df359d0 JavaThread "InvokeLaterDispatcher"      daemon [_thread_blocked, id=8524, stack(0x00000086c4800000,0x00000086c4900000) (1024K)]
  0x000001e26d601210 JavaThread "JavaFX Application Thread"         [_thread_in_native, id=18508, stack(0x00000086c4a00000,0x00000086c4b00000) (1024K)]
  0x000001e26e367600 JavaThread "RMI TCP Connection(1)-192.168.56.1" daemon [_thread_in_native, id=12272, stack(0x00000086c4b00000,0x00000086c4c00000) (1024K)]
  0x000001e26e0d0e90 JavaThread "RMI Scheduler(0)"           daemon [_thread_blocked, id=22964, stack(0x00000086c4c00000,0x00000086c4d00000) (1024K)]
  0x000001e26dd9a510 JavaThread "JMX server connection timeout 37" daemon [_thread_blocked, id=21840, stack(0x00000086c4d00000,0x00000086c4e00000) (1024K)]
  0x000001e26dc0c560 JavaThread "JavaFX-Launcher"                   [_thread_blocked, id=3420, stack(0x00000086c3c00000,0x00000086c3d00000) (1024K)]
  0x000001e26dc0cbf0 JavaThread "Thread-2"                   daemon [_thread_in_native, id=20860, stack(0x00000086c3b00000,0x00000086c3c00000) (1024K)]
  0x000001e2756d9d40 JavaThread "Prism Font Disposer"        daemon [_thread_blocked, id=11868, stack(0x00000086c5200000,0x00000086c5300000) (1024K)]
  0x000001e2756d96b0 JavaThread "Cleaner-0"                  daemon [_thread_blocked, id=12432, stack(0x00000086c5c00000,0x00000086c5d00000) (1024K)]
  0x000001e2756d8300 JavaThread "SIGINT handler"             daemon [_thread_blocked, id=5424, stack(0x00000086c4000000,0x00000086c4100000) (1024K)]
Total: 23

Other Threads:
=>0x000001e268483e80 VMThread "VM Thread"                           [id=21740, stack(0x00000086c3100000,0x00000086c3200000) (1024K)]
  0x000001e249240d90 WorkerThread "GC Thread#0"                     [id=7968, stack(0x00000086c2b00000,0x00000086c2c00000) (1024K)]
  0x000001e26d600d60 WorkerThread "GC Thread#1"                     [id=16948, stack(0x00000086c4100000,0x00000086c4200000) (1024K)]
  0x000001e26d5eb740 WorkerThread "GC Thread#2"                     [id=17112, stack(0x00000086c4200000,0x00000086c4300000) (1024K)]
  0x000001e26d5a6170 WorkerThread "GC Thread#3"                     [id=14012, stack(0x00000086c4300000,0x00000086c4400000) (1024K)]
  0x000001e26d5a68e0 WorkerThread "GC Thread#4"                     [id=19300, stack(0x00000086c4400000,0x00000086c4500000) (1024K)]
  0x000001e26d7cb610 WorkerThread "GC Thread#5"                     [id=17296, stack(0x00000086c4500000,0x00000086c4600000) (1024K)]
  0x000001e26dadd3e0 WorkerThread "GC Thread#6"                     [id=23280, stack(0x00000086c4600000,0x00000086c4700000) (1024K)]
  0x000001e26dade790 WorkerThread "GC Thread#7"                     [id=22456, stack(0x00000086c4700000,0x00000086c4800000) (1024K)]
  0x000001e249251c70 ConcurrentGCThread "G1 Main Marker"            terminated
  0x000001e249252f10 WorkerThread "G1 Conc#0"                       [id=6492, stack(0x00000086c2d00000,0x00000086c2e00000) (1024K)]
  0x000001e27969caa0 WorkerThread "G1 Conc#1"                       [id=12628, stack(0x00000086c5b00000,0x00000086c5c00000) (1024K)]
  0x000001e2683425e0 ConcurrentGCThread "G1 Refine#0"               terminated
  0x000001e268342ef0 ConcurrentGCThread "G1 Service"                terminated
Total: 14

Threads with active compile tasks:
Total: 0

VM state: at safepoint (shutting down)

VM Mutex/Monitor currently owned by a thread:  ([mutex/lock_event])
[0x00007ffb6ec9d570] Threads_lock - owner thread: 0x000001e268483e80
[0x00007ffb6ec9d670] Heap_lock - owner thread: 0x000001e2756d8300

Heap address: 0x0000000702a00000, size: 4054 MB, Compressed Oops mode: Zero based, Oop shift amount: 3

CDS archive(s) mapped at: [0x000001e200000000-0x000001e200c80000-0x000001e200c80000), size 13107200, SharedBaseAddress: 0x000001e200000000, ArchiveRelocationMode: 1.
Compressed class space mapped at: 0x000001e201000000-0x000001e241000000, reserved size: 1073741824
Narrow klass base: 0x000001e200000000, Narrow klass shift: 0, Narrow klass range: 0x100000000

GC Precious Log:
 CardTable entry size: 512
 Card Set container configuration: InlinePtr #cards 4 size 8 Array Of Cards #cards 16 size 48 Howl #buckets 8 coarsen threshold 3686 Howl Bitmap #cards 512 size 80 coarsen threshold 460 Card regions per heap region 1 cards per card region 4096
 CPUs: 8 total, 8 available
 Memory: 16215M
 Large Page Support: Disabled
 NUMA Support: Disabled
 Compressed Oops: Enabled (Zero based)
 Heap Region Size: 2M
 Heap Min Capacity: 8M
 Heap Initial Capacity: 254M
 Heap Max Capacity: 4054M
 Pre-touch: Disabled
 Parallel Workers: 8
 Concurrent Workers: 2
 Concurrent Refinement Workers: 8
 Periodic GC: Disabled

Heap:
 garbage-first heap   total 53248K, used 27131K [0x0000000702a00000, 0x0000000800000000)
  region size 2048K, 12 young (24576K), 6 survivors (12288K)
 Metaspace       used 24929K, committed 25344K, reserved 1114112K
  class space    used 3574K, committed 3776K, reserved 1048576K

Heap Regions: E=young(eden), S=young(survivor), O=old, HS=humongous(starts), HC=humongous(continues), CS=collection set, F=free, TAMS=top-at-mark-start, PB=parsable bottom
|   0|0x0000000702a00000, 0x0000000702c00000, 0x0000000702c00000|100%| O|  |TAMS 0x0000000702a00000| PB 0x0000000702a00000| Untracked 
|   1|0x0000000702c00000, 0x0000000702d574c0, 0x0000000702e00000| 67%| O|Cm|TAMS 0x0000000702c00000| PB 0x0000000702c00000| Complete 
|   2|0x0000000702e00000, 0x0000000703000000, 0x0000000703000000|100%|HS|  |TAMS 0x0000000702e00000| PB 0x0000000702e00000| Complete 
|   3|0x0000000703000000, 0x0000000703000000, 0x0000000703200000|  0%| F|  |TAMS 0x0000000703000000| PB 0x0000000703000000| Untracked 
|   4|0x0000000703200000, 0x0000000703200000, 0x0000000703400000|  0%| F|  |TAMS 0x0000000703200000| PB 0x0000000703200000| Untracked 
|   5|0x0000000703400000, 0x0000000703400000, 0x0000000703600000|  0%| F|  |TAMS 0x0000000703400000| PB 0x0000000703400000| Untracked 
|   6|0x0000000703600000, 0x0000000703600000, 0x0000000703800000|  0%| F|  |TAMS 0x0000000703600000| PB 0x0000000703600000| Untracked 
|   7|0x0000000703800000, 0x0000000703800000, 0x0000000703a00000|  0%| F|  |TAMS 0x0000000703800000| PB 0x0000000703800000| Untracked 
|   8|0x0000000703a00000, 0x0000000703a00000, 0x0000000703c00000|  0%| F|  |TAMS 0x0000000703a00000| PB 0x0000000703a00000| Untracked 
|   9|0x0000000703c00000, 0x0000000703c00000, 0x0000000703e00000|  0%| F|  |TAMS 0x0000000703c00000| PB 0x0000000703c00000| Untracked 
|  10|0x0000000703e00000, 0x0000000703e00000, 0x0000000704000000|  0%| F|  |TAMS 0x0000000703e00000| PB 0x0000000703e00000| Untracked 
|  11|0x0000000704000000, 0x0000000704000000, 0x0000000704200000|  0%| F|  |TAMS 0x0000000704000000| PB 0x0000000704000000| Untracked 
|  12|0x0000000704200000, 0x0000000704200000, 0x0000000704400000|  0%| F|  |TAMS 0x0000000704200000| PB 0x0000000704200000| Untracked 
|  13|0x0000000704400000, 0x0000000704400000, 0x0000000704600000|  0%| F|  |TAMS 0x0000000704400000| PB 0x0000000704400000| Untracked 
|  14|0x0000000704600000, 0x00000007047d5880, 0x0000000704800000| 91%| E|  |TAMS 0x0000000704600000| PB 0x0000000704600000| Complete 
|  15|0x0000000704800000, 0x0000000704a00000, 0x0000000704a00000|100%| S|CS|TAMS 0x0000000704800000| PB 0x0000000704800000| Complete 
|  16|0x0000000704a00000, 0x0000000704c00000, 0x0000000704c00000|100%| S|CS|TAMS 0x0000000704a00000| PB 0x0000000704a00000| Complete 
|  17|0x0000000704c00000, 0x0000000704e00000, 0x0000000704e00000|100%| S|CS|TAMS 0x0000000704c00000| PB 0x0000000704c00000| Complete 
|  18|0x0000000704e00000, 0x0000000705000000, 0x0000000705000000|100%| S|CS|TAMS 0x0000000704e00000| PB 0x0000000704e00000| Complete 
|  19|0x0000000705000000, 0x0000000705200000, 0x0000000705200000|100%| S|CS|TAMS 0x0000000705000000| PB 0x0000000705000000| Complete 
|  20|0x0000000705200000, 0x0000000705327ae8, 0x0000000705400000| 57%| S|CS|TAMS 0x0000000705200000| PB 0x0000000705200000| Complete 
| 101|0x000000070f400000, 0x000000070f600000, 0x000000070f600000|100%| E|CS|TAMS 0x000000070f400000| PB 0x000000070f400000| Complete 
| 102|0x000000070f600000, 0x000000070f800000, 0x000000070f800000|100%| E|CS|TAMS 0x000000070f600000| PB 0x000000070f600000| Complete 
| 103|0x000000070f800000, 0x000000070fa00000, 0x000000070fa00000|100%| E|CS|TAMS 0x000000070f800000| PB 0x000000070f800000| Complete 
| 104|0x000000070fa00000, 0x000000070fc00000, 0x000000070fc00000|100%| E|CS|TAMS 0x000000070fa00000| PB 0x000000070fa00000| Complete 
| 126|0x0000000712600000, 0x0000000712800000, 0x0000000712800000|100%| E|CS|TAMS 0x0000000712600000| PB 0x0000000712600000| Complete 

Card table byte_map: [0x000001e2612f0000,0x000001e261ae0000] _byte_map_base: 0x000001e25dadb000

Marking Bits: (CMBitMap*) 0x000001e249241490
 Bits: [0x000001e261ae0000, 0x000001e265a38000)

Polling page: 0x000001e246560000

Metaspace:

Usage:
  Non-class:     20.85 MB used.
      Class:      3.49 MB used.
       Both:     24.35 MB used.

Virtual space:
  Non-class space:       64.00 MB reserved,      21.06 MB ( 33%) committed,  1 nodes.
      Class space:        1.00 GB reserved,       3.69 MB ( <1%) committed,  1 nodes.
             Both:        1.06 GB reserved,      24.75 MB (  2%) committed. 

Chunk freelists:
   Non-Class:  10.22 MB
       Class:  12.21 MB
        Both:  22.43 MB

MaxMetaspaceSize: unlimited
CompressedClassSpaceSize: 1.00 GB
Initial GC threshold: 21.00 MB
Current GC threshold: 35.25 MB
CDS: on
 - commit_granule_bytes: 65536.
 - commit_granule_words: 8192.
 - virtual_space_node_default_size: 8388608.
 - enlarge_chunks_in_place: 1.
 - use_allocation_guard: 0.


Internal statistics:

num_allocs_failed_limit: 3.
num_arena_births: 462.
num_arena_deaths: 0.
num_vsnodes_births: 2.
num_vsnodes_deaths: 0.
num_space_committed: 396.
num_space_uncommitted: 0.
num_chunks_returned_to_freelist: 3.
num_chunks_taken_from_freelist: 1203.
num_chunk_merges: 3.
num_chunk_splits: 814.
num_chunks_enlarged: 555.
num_inconsistent_stats: 0.

CodeHeap 'non-profiled nmethods': size=120000Kb used=2649Kb max_used=2649Kb free=117350Kb
 bounds [0x000001e2593b0000, 0x000001e259650000, 0x000001e2608e0000]
CodeHeap 'profiled nmethods': size=120000Kb used=11526Kb max_used=11526Kb free=108473Kb
 bounds [0x000001e2518e0000, 0x000001e252430000, 0x000001e258e10000]
CodeHeap 'non-nmethods': size=5760Kb used=1737Kb max_used=1812Kb free=4022Kb
 bounds [0x000001e258e10000, 0x000001e259080000, 0x000001e2593b0000]
CodeCache: size=245760Kb, used=15912Kb, max_used=15987Kb, free=229845Kb
 total_blobs=6474, nmethods=5596, adapters=782, full_count=0
Compilation: enabled, stopped_count=0, restarted_count=0

Compilation events (20 events):
Event: 86.990 Thread 0x000001e2684b1e50 5587   !   3       sun.rmi.server.LoaderHandler::loadClass (334 bytes)
Event: 86.991 Thread 0x000001e2684b1e50 nmethod 5587 0x000001e252419190 code [0x000001e252419500, 0x000001e25241aa70]
Event: 87.055 Thread 0x000001e2684afa60 5588       4       com.sun.javafx.tk.quantum.QuantumToolkit$$Lambda/0x000001e201114a98::run (8 bytes)
Event: 87.057 Thread 0x000001e2684afa60 nmethod 5588 0x000001e259645010 code [0x000001e2596451c0, 0x000001e2596452d0]
Event: 89.040 Thread 0x000001e2684b1e50 5589       3       java.lang.invoke.LambdaForm$DMH/0x000001e20110ac00::invokeInterface (33 bytes)
Event: 89.041 Thread 0x000001e2684b1e50 nmethod 5589 0x000001e25241b310 code [0x000001e25241b500, 0x000001e25241bd10]
Event: 89.041 Thread 0x000001e2684b1e50 5590   !   3       javax.management.remote.rmi.RMIConnectionImpl::getAttribute (151 bytes)
Event: 89.043 Thread 0x000001e2684b1e50 nmethod 5590 0x000001e25241be90 code [0x000001e25241c1e0, 0x000001e25241dd48]
Event: 89.044 Thread 0x000001e2684b1e50 5591       3       com.sun.jmx.mbeanserver.MXBeanLookup::getLookup (10 bytes)
Event: 89.044 Thread 0x000001e2684b1e50 nmethod 5591 0x000001e25241e510 code [0x000001e25241e6c0, 0x000001e25241e9d0]
Event: 89.088 Thread 0x000001e2684afa60 5592       4       java.lang.Integer::numberOfLeadingZeros (79 bytes)
Event: 89.089 Thread 0x000001e2684b1e50 5593       3       java.lang.invoke.LambdaForm$MH/0x000001e2013c8000::invoke (64 bytes)
Event: 89.089 Thread 0x000001e2684afa60 nmethod 5592 0x000001e259645410 code [0x000001e259645580, 0x000001e259645658]
Event: 89.089 Thread 0x000001e2684b1e50 nmethod 5593 0x000001e25241ea90 code [0x000001e25241ed20, 0x000001e25241faf0]
Event: 91.173 Thread 0x000001e2684afa60 5594       4       java.io.ObjectOutputStream$HandleTable::assign (52 bytes)
Event: 91.177 Thread 0x000001e2684afa60 nmethod 5594 0x000001e259645710 code [0x000001e2596458e0, 0x000001e259645d38]
Event: 92.305 Thread 0x000001e2684b1e50 5595   !   3       java.util.logging.LogManager::ensureLogManagerInitialized (144 bytes)
Event: 92.305 Thread 0x000001e2684afa60 5596       4       java.util.concurrent.ConcurrentHashMap$Traverser::advance (188 bytes)
Event: 92.306 Thread 0x000001e2684b1e50 nmethod 5595 0x000001e25241ff10 code [0x000001e252420220, 0x000001e252421410]
Event: 92.311 Thread 0x000001e2684afa60 nmethod 5596 0x000001e259646010 code [0x000001e2596461c0, 0x000001e259646540]

GC Heap History (8 events):
Event: 0.558 GC heap before
{Heap before GC invocations=0 (full 0):
 garbage-first heap   total 260096K, used 20480K [0x0000000702a00000, 0x0000000800000000)
  region size 2048K, 11 young (22528K), 0 survivors (0K)
 Metaspace       used 5936K, committed 6144K, reserved 1114112K
  class space    used 656K, committed 768K, reserved 1048576K
}
Event: 0.562 GC heap after
{Heap after GC invocations=1 (full 0):
 garbage-first heap   total 260096K, used 4053K [0x0000000702a00000, 0x0000000800000000)
  region size 2048K, 2 young (4096K), 2 survivors (4096K)
 Metaspace       used 5936K, committed 6144K, reserved 1114112K
  class space    used 656K, committed 768K, reserved 1048576K
}
Event: 1.406 GC heap before
{Heap before GC invocations=1 (full 0):
 garbage-first heap   total 260096K, used 34773K [0x0000000702a00000, 0x0000000800000000)
  region size 2048K, 18 young (36864K), 2 survivors (4096K)
 Metaspace       used 14163K, committed 14464K, reserved 1114112K
  class space    used 1860K, committed 1984K, reserved 1048576K
}
Event: 1.411 GC heap after
{Heap after GC invocations=2 (full 0):
 garbage-first heap   total 260096K, used 6999K [0x0000000702a00000, 0x0000000800000000)
  region size 2048K, 2 young (4096K), 2 survivors (4096K)
 Metaspace       used 14163K, committed 14464K, reserved 1114112K
  class space    used 1860K, committed 1984K, reserved 1048576K
}
Event: 4.290 GC heap before
{Heap before GC invocations=2 (full 0):
 garbage-first heap   total 260096K, used 45911K [0x0000000702a00000, 0x0000000800000000)
  region size 2048K, 22 young (45056K), 2 survivors (4096K)
 Metaspace       used 21195K, committed 21504K, reserved 1114112K
  class space    used 3122K, committed 3264K, reserved 1048576K
}
Event: 4.297 GC heap after
{Heap after GC invocations=3 (full 0):
 garbage-first heap   total 260096K, used 10524K [0x0000000702a00000, 0x0000000800000000)
  region size 2048K, 4 young (8192K), 4 survivors (8192K)
 Metaspace       used 21195K, committed 21504K, reserved 1114112K
  class space    used 3122K, committed 3264K, reserved 1048576K
}
Event: 15.029 GC heap before
{Heap before GC invocations=4 (full 0):
 garbage-first heap   total 40960K, used 39196K [0x0000000702a00000, 0x0000000800000000)
  region size 2048K, 17 young (34816K), 4 survivors (8192K)
 Metaspace       used 24290K, committed 24704K, reserved 1114112K
  class space    used 3510K, committed 3712K, reserved 1048576K
}
Event: 15.040 GC heap after
{Heap after GC invocations=5 (full 0):
 garbage-first heap   total 53248K, used 16891K [0x0000000702a00000, 0x0000000800000000)
  region size 2048K, 6 young (12288K), 6 survivors (12288K)
 Metaspace       used 24290K, committed 24704K, reserved 1114112K
  class space    used 3510K, committed 3712K, reserved 1048576K
}

Dll operation events (20 events):
Event: 0.389 Loaded shared library C:\Users\Wayne Kousuke\.openjfx\cache\21.0.4+1\amd64\api-ms-win-crt-math-l1-1-0.dll
Event: 0.392 Loaded shared library C:\Users\Wayne Kousuke\.openjfx\cache\21.0.4+1\amd64\api-ms-win-crt-multibyte-l1-1-0.dll
Event: 0.396 Loaded shared library C:\Users\Wayne Kousuke\.openjfx\cache\21.0.4+1\amd64\api-ms-win-crt-private-l1-1-0.dll
Event: 0.400 Loaded shared library C:\Users\Wayne Kousuke\.openjfx\cache\21.0.4+1\amd64\api-ms-win-crt-process-l1-1-0.dll
Event: 0.403 Loaded shared library C:\Users\Wayne Kousuke\.openjfx\cache\21.0.4+1\amd64\api-ms-win-crt-runtime-l1-1-0.dll
Event: 0.406 Loaded shared library C:\Users\Wayne Kousuke\.openjfx\cache\21.0.4+1\amd64\api-ms-win-crt-stdio-l1-1-0.dll
Event: 0.410 Loaded shared library C:\Users\Wayne Kousuke\.openjfx\cache\21.0.4+1\amd64\api-ms-win-crt-string-l1-1-0.dll
Event: 0.413 Loaded shared library C:\Users\Wayne Kousuke\.openjfx\cache\21.0.4+1\amd64\api-ms-win-crt-time-l1-1-0.dll
Event: 0.416 Loaded shared library C:\Users\Wayne Kousuke\.openjfx\cache\21.0.4+1\amd64\api-ms-win-crt-utility-l1-1-0.dll
Event: 0.440 Loaded shared library C:\Users\Wayne Kousuke\.openjfx\cache\21.0.4+1\amd64\ucrtbase.dll
Event: 0.444 Loaded shared library C:\Users\Wayne Kousuke\.openjfx\cache\21.0.4+1\amd64\vcruntime140.dll
Event: 0.447 Loaded shared library D:\Visual Studio Code\Workspace 1\Java\JDK\Temurin\21.0.9\bin\management.dll
Event: 0.447 Loaded shared library C:\Users\Wayne Kousuke\.openjfx\cache\21.0.4+1\amd64\vcruntime140_1.dll
Event: 0.455 Loaded shared library C:\Users\Wayne Kousuke\.openjfx\cache\21.0.4+1\amd64\msvcp140.dll
Event: 0.462 Loaded shared library D:\Visual Studio Code\Workspace 1\Java\JDK\Temurin\21.0.9\bin\management_ext.dll
Event: 0.462 Loaded shared library C:\Users\Wayne Kousuke\.openjfx\cache\21.0.4+1\amd64\msvcp140_1.dll
Event: 0.467 Loaded shared library C:\Users\Wayne Kousuke\.openjfx\cache\21.0.4+1\amd64\msvcp140_2.dll
Event: 0.499 Loaded shared library C:\Users\Wayne Kousuke\.openjfx\cache\21.0.4+1\amd64\prism_d3d.dll
Event: 0.697 Loaded shared library C:\Users\Wayne Kousuke\.openjfx\cache\21.0.4+1\amd64\glass.dll
Event: 1.148 Loaded shared library C:\Users\Wayne Kousuke\.openjfx\cache\21.0.4+1\amd64\javafx_font.dll

Deoptimization events (20 events):
Event: 18.785 Thread 0x000001e26d601210 Uncommon trap: trap_request=0xffffffde fr.pc=0x000001e259566bb8 relative=0x0000000000000458
Event: 18.785 Thread 0x000001e26d601210 Uncommon trap: reason=class_check action=maybe_recompile pc=0x000001e259566bb8 method=com.sun.javafx.collections.ObservableMapWrapper.get(Ljava/lang/Object;)Ljava/lang/Object; @ 5 c2
Event: 18.785 Thread 0x000001e26d601210 DEOPT PACKING pc=0x000001e259566bb8 sp=0x00000086c4afa180
Event: 18.785 Thread 0x000001e26d601210 DEOPT UNPACKING pc=0x000001e258e64422 sp=0x00000086c4afa128 mode 2
Event: 18.785 Thread 0x000001e26d601210 Uncommon trap: trap_request=0xffffffd6 fr.pc=0x000001e2596016bc relative=0x000000000000653c
Event: 18.785 Thread 0x000001e26d601210 Uncommon trap: reason=array_check action=maybe_recompile pc=0x000001e2596016bc method=javafx.scene.layout.GridPane.computeGridMetrics()V @ 471 c2
Event: 18.785 Thread 0x000001e26d601210 DEOPT PACKING pc=0x000001e2596016bc sp=0x00000086c4afa530
Event: 18.785 Thread 0x000001e26d601210 DEOPT UNPACKING pc=0x000001e258e64422 sp=0x00000086c4afa510 mode 2
Event: 18.797 Thread 0x000001e26d601210 Uncommon trap: trap_request=0xffffffd6 fr.pc=0x000001e2596016bc relative=0x000000000000653c
Event: 18.797 Thread 0x000001e26d601210 Uncommon trap: reason=array_check action=maybe_recompile pc=0x000001e2596016bc method=javafx.scene.layout.GridPane.computeGridMetrics()V @ 471 c2
Event: 18.797 Thread 0x000001e26d601210 DEOPT PACKING pc=0x000001e2596016bc sp=0x00000086c4afa4d0
Event: 18.797 Thread 0x000001e26d601210 DEOPT UNPACKING pc=0x000001e258e64422 sp=0x00000086c4afa4b0 mode 2
Event: 19.426 Thread 0x000001e26d601210 Uncommon trap: trap_request=0xffffff45 fr.pc=0x000001e2595624b4 relative=0x0000000000000934
Event: 19.426 Thread 0x000001e26d601210 Uncommon trap: reason=unstable_if action=reinterpret pc=0x000001e2595624b4 method=javafx.scene.Parent.getOrderedChildren()Ljava/util/List; @ 7 c2
Event: 19.426 Thread 0x000001e26d601210 DEOPT PACKING pc=0x000001e2595624b4 sp=0x00000086c4af9670
Event: 19.426 Thread 0x000001e26d601210 DEOPT UNPACKING pc=0x000001e258e64422 sp=0x00000086c4af93c0 mode 2
Event: 19.426 Thread 0x000001e26d601210 Uncommon trap: trap_request=0xffffff45 fr.pc=0x000001e259564c78 relative=0x00000000000008f8
Event: 19.426 Thread 0x000001e26d601210 Uncommon trap: reason=unstable_if action=reinterpret pc=0x000001e259564c78 method=javafx.scene.Parent.getOrderedChildren()Ljava/util/List; @ 7 c2
Event: 19.426 Thread 0x000001e26d601210 DEOPT PACKING pc=0x000001e259564c78 sp=0x00000086c4af9220
Event: 19.426 Thread 0x000001e26d601210 DEOPT UNPACKING pc=0x000001e258e64422 sp=0x00000086c4af9060 mode 2

Classes loaded (20 events):
Event: 13.655 Loading class java/time/chrono/IsoEra
Event: 13.655 Loading class java/time/chrono/Era
Event: 13.655 Loading class java/time/chrono/Era done
Event: 13.655 Loading class java/time/chrono/IsoEra done
Event: 14.522 Loading class java/time/format/DateTimeFormatterBuilder$LocalizedPrinterParser
Event: 14.522 Loading class java/time/format/DateTimeFormatterBuilder$LocalizedPrinterParser done
Event: 14.522 Loading class sun/util/locale/provider/JavaTimeDateTimePatternImpl
Event: 14.522 Loading class sun/util/locale/provider/JavaTimeDateTimePatternImpl done
Event: 14.995 Loading class java/time/format/DateTimeFormatterBuilder$ReducedPrinterParser
Event: 14.995 Loading class java/time/format/DateTimeFormatterBuilder$ReducedPrinterParser done
Event: 14.995 Loading class java/text/ParsePosition
Event: 14.995 Loading class java/text/ParsePosition done
Event: 14.995 Loading class java/time/format/DateTimeParseContext
Event: 14.995 Loading class java/time/format/DateTimeParseContext done
Event: 14.995 Loading class java/time/format/Parsed
Event: 14.995 Loading class java/time/format/Parsed done
Event: 18.770 Loading class java/io/SequenceInputStream
Event: 18.770 Loading class java/io/SequenceInputStream done
Event: 92.304 Loading class jdk/internal/misc/Signal$1
Event: 92.304 Loading class jdk/internal/misc/Signal$1 done

Classes unloaded (0 events):
No events

Classes redefined (0 events):
No events

Internal exceptions (20 events):
Event: 1.647 Thread 0x000001e26d601210 Exception <a 'java/io/FileNotFoundException'{0x0000000711480b28}> (0x0000000711480b28) 
thrown [s\src\hotspot\share\prims\jni.cpp, line 520]
Event: 1.648 Thread 0x000001e26d601210 Exception <a 'java/io/FileNotFoundException'{0x00000007114a18f8}> (0x00000007114a18f8) 
thrown [s\src\hotspot\share\prims\jni.cpp, line 520]
Event: 1.648 Thread 0x000001e26d601210 Exception <a 'java/io/FileNotFoundException'{0x00000007114a2f48}> (0x00000007114a2f48) 
thrown [s\src\hotspot\share\prims\jni.cpp, line 520]
Event: 1.656 Thread 0x000001e26d601210 Exception <a 'java/lang/NoSuchMethodError'{0x00000007115a5490}: 'int java.lang.invoke.DirectMethodHandle$Holder.invokeSpecial(java.lang.Object, java.lang.Object, int)'> (0x00000007115a5490) 
thrown [s\src\hotspot\share\interpreter\linkResolver.cpp, line 773]
Event: 1.656 Thread 0x000001e26d601210 Exception <a 'java/lang/NoSuchMethodError'{0x00000007115ac668}: 'int java.lang.invoke.DirectMethodHandle$Holder.invokeSpecial(java.lang.Object, java.lang.Object, java.lang.Object, int)'> (0x00000007115ac668) 
thrown [s\src\hotspot\share\interpreter\linkResolver.cpp, line 773]
Event: 1.657 Thread 0x000001e26d601210 Exception <a 'java/lang/NoSuchMethodError'{0x00000007115beb18}: 'java.lang.Object java.lang.invoke.DirectMethodHandle$Holder.invokeStatic(java.lang.Object, java.lang.Object, java.lang.Object, java.lang.Object, int)'> (0x00000007115beb18) 
thrown [s\src\hotspot\share\interpreter\linkResolver.cpp, line 773]
Event: 1.662 Thread 0x000001e26d601210 Exception <a 'sun/nio/fs/WindowsException'{0x00000007115ff848}> (0x00000007115ff848) 
thrown [s\src\hotspot\share\prims\jni.cpp, line 520]
Event: 1.718 Thread 0x000001e26d601210 Exception <a 'java/lang/NoSuchMethodError'{0x00000007110091e8}: 'java.lang.Object java.lang.invoke.DirectMethodHandle$Holder.newInvokeSpecial(java.lang.Object, java.lang.Object, int)'> (0x00000007110091e8) 
thrown [s\src\hotspot\share\interpreter\linkResolver.cpp, line 773]
Event: 1.822 Thread 0x000001e26d529120 Exception <a 'java/lang/NoSuchMethodError'{0x0000000710fdb0a0}: 'java.lang.Object java.lang.invoke.DirectMethodHandle$Holder.invokeStaticInit(java.lang.Object, int)'> (0x0000000710fdb0a0) 
thrown [s\src\hotspot\share\interpreter\linkResolver.cpp, line 773]
Event: 3.428 Thread 0x000001e26d601210 Implicit null exception at 0x000001e259505140 to 0x000001e2595060dc
Event: 3.428 Thread 0x000001e26d601210 Implicit null exception at 0x000001e259503953 to 0x000001e259503fc8
Event: 3.775 Thread 0x000001e26d601210 Exception <a 'java/lang/NoSuchMethodError'{0x000000071098a158}: 'long java.lang.invoke.DirectMethodHandle$Holder.invokeStatic(java.lang.Object, java.lang.Object, java.lang.Object)'> (0x000000071098a158) 
thrown [s\src\hotspot\share\interpreter\linkResolver.cpp, line 773]
Event: 3.775 Thread 0x000001e26d601210 Exception <a 'java/lang/NoSuchMethodError'{0x000000071098d568}: 'long java.lang.invoke.DirectMethodHandle$Holder.invokeStaticInit(java.lang.Object, java.lang.Object, java.lang.Object)'> (0x000000071098d568) 
thrown [s\src\hotspot\share\interpreter\linkResolver.cpp, line 773]
Event: 3.777 Thread 0x000001e26d601210 Exception <a 'java/lang/NoSuchMethodError'{0x00000007109a2080}: 'java.lang.Object java.lang.invoke.DirectMethodHandle$Holder.newInvokeSpecial(java.lang.Object, java.lang.Object, long)'> (0x00000007109a2080) 
thrown [s\src\hotspot\share\interpreter\linkResolver.cpp, line 773]
Event: 4.233 Thread 0x000001e26d601210 Exception <a 'java/lang/ClassNotFoundException'{0x00000007104dd9b8}: com/sun/javafx/scene/control/skin/resources/controls-nt> (0x00000007104dd9b8) 
thrown [s\src\hotspot\share\prims\jni.cpp, line 539]
Event: 4.233 Thread 0x000001e26d601210 Exception <a 'java/lang/ClassNotFoundException'{0x00000007104ee600}: com/sun/javafx/scene/control/skin/resources/controls-nt_en> (0x00000007104ee600) 
thrown [s\src\hotspot\share\prims\jni.cpp, line 539]
Event: 4.233 Thread 0x000001e26d601210 Exception <a 'java/lang/ClassNotFoundException'{0x00000007104ef878}: com/sun/javafx/scene/control/skin/resources/controls-nt_en_US> (0x00000007104ef878) 
thrown [s\src\hotspot\share\prims\jni.cpp, line 539]
Event: 4.263 Thread 0x000001e26d601210 Exception <a 'java/lang/ClassNotFoundException'{0x000000070feb2a10}: com/sun/javafx/scene/control/skin/resources/controls> (0x000000070feb2a10) 
thrown [s\src\hotspot\share\prims\jni.cpp, line 539]
Event: 4.263 Thread 0x000001e26d601210 Exception <a 'java/lang/ClassNotFoundException'{0x000000070fec22c8}: com/sun/javafx/scene/control/skin/resources/controls_en> (0x000000070fec22c8) 
thrown [s\src\hotspot\share\prims\jni.cpp, line 539]
Event: 4.263 Thread 0x000001e26d601210 Exception <a 'java/lang/ClassNotFoundException'{0x000000070fec3528}: com/sun/javafx/scene/control/skin/resources/controls_en_US> (0x000000070fec3528) 
thrown [s\src\hotspot\share\prims\jni.cpp, line 539]

ZGC Phase Switch (0 events):
No events

VM Operations (20 events):
Event: 43.150 Executing VM operation: Cleanup done
Event: 44.150 Executing VM operation: Cleanup
Event: 44.150 Executing VM operation: Cleanup done
Event: 53.228 Executing VM operation: Cleanup
Event: 53.228 Executing VM operation: Cleanup done
Event: 60.193 Executing VM operation: HandshakeAllThreads (HandshakeForDeflation)
Event: 60.193 Executing VM operation: HandshakeAllThreads (HandshakeForDeflation) done
Event: 60.193 Executing VM operation: RendezvousGCThreads
Event: 60.193 Executing VM operation: RendezvousGCThreads done
Event: 64.217 Executing VM operation: Cleanup
Event: 64.217 Executing VM operation: Cleanup done
Event: 75.291 Executing VM operation: Cleanup
Event: 75.291 Executing VM operation: Cleanup done
Event: 80.332 Executing VM operation: Cleanup
Event: 80.332 Executing VM operation: Cleanup done
Event: 82.341 Executing VM operation: Cleanup
Event: 82.341 Executing VM operation: Cleanup done
Event: 83.348 Executing VM operation: Cleanup
Event: 83.348 Executing VM operation: Cleanup done
Event: 92.311 Executing VM operation: Exit

Memory protections (0 events):
No events

Nmethod flushes (0 events):
No events

Events (20 events):
Event: 4.485 Thread 0x000001e26d529120 Thread added: 0x000001e2756d96b0
Event: 4.992 Thread 0x000001e275ebc370 Thread exited: 0x000001e275ebc370
Event: 13.638 Thread 0x000001e2684b1e50 Thread added: 0x000001e2686f4170
Event: 13.716 Thread 0x000001e2684b1e50 Thread added: 0x000001e279aaa490
Event: 14.113 Thread 0x000001e279aaa490 Thread exited: 0x000001e279aaa490
Event: 14.113 Thread 0x000001e2686f4170 Thread exited: 0x000001e2686f4170
Event: 15.048 Thread 0x000001e2684b1e50 Thread added: 0x000001e26df82300
Event: 15.376 Thread 0x000001e26df82300 Thread exited: 0x000001e26df82300
Event: 18.784 Thread 0x000001e2684b1e50 Thread added: 0x000001e279aaa310
Event: 19.427 Thread 0x000001e279aaa310 Thread exited: 0x000001e279aaa310
Event: 86.473 Thread 0x000001e2756dc4a0 Thread exited: 0x000001e2756dc4a0
Event: 92.304 Thread 0x000001e2684a2110 Thread added: 0x000001e2756d8300
Event: 92.304 Thread 0x000001e2756d8300 Thread added: 0x000001e2756dd850
Event: 92.305 Thread 0x000001e2756d8300 Thread added: 0x000001e2756dcb30
Event: 92.305 Thread 0x000001e2756d8300 Thread added: 0x000001e2756d8990
Event: 92.305 Thread 0x000001e2756dcb30 Thread exited: 0x000001e2756dcb30
Event: 92.306 Thread 0x000001e2756dd850 Thread exited: 0x000001e2756dd850
Event: 92.311 Thread 0x000001e2756d8300 Before exit entered
Event: 92.311 Thread 0x000001e2756d8990 Thread exited: 0x000001e2756d8990
Event: 92.311 Thread 0x000001e2684a2110 Thread exited: 0x000001e2684a2110


Dynamic libraries:
0x00007ff74d5a0000 - 0x00007ff74d5ae000 	D:\Visual Studio Code\Workspace 1\Java\JDK\Temurin\21.0.9\bin\java.exe
0x00007ffbf5290000 - 0x00007ffbf54a8000 	C:\WINDOWS\SYSTEM32\ntdll.dll
0x00007ffbf39f0000 - 0x00007ffbf3ab4000 	C:\WINDOWS\System32\KERNEL32.DLL
0x00007ffbf24f0000 - 0x00007ffbf28c3000 	C:\WINDOWS\System32\KERNELBASE.dll
0x00007ffb89570000 - 0x00007ffb8964b000 	C:\Program Files\Bitdefender\Bitdefender Security\bdhkm\dlls_268005067570918811\bdhkm64.dll
0x00007ffb89390000 - 0x00007ffb89569000 	C:\Program Files\Bitdefender\Bitdefender Security\atcuf\dlls_268005067343141493\atcuf64.dll
0x00007ffbf23a0000 - 0x00007ffbf24b1000 	C:\WINDOWS\System32\ucrtbase.dll
0x00007ffbd08b0000 - 0x00007ffbd08c8000 	D:\Visual Studio Code\Workspace 1\Java\JDK\Temurin\21.0.9\bin\jli.dll
0x00007ffbf3830000 - 0x00007ffbf39e2000 	C:\WINDOWS\System32\USER32.dll
0x00007ffbf2b50000 - 0x00007ffbf2b76000 	C:\WINDOWS\System32\win32u.dll
0x00007ffbf3b80000 - 0x00007ffbf3ba9000 	C:\WINDOWS\System32\GDI32.dll
0x00007ffbf2e10000 - 0x00007ffbf2f2b000 	C:\WINDOWS\System32\gdi32full.dll
0x00007ffbf2d70000 - 0x00007ffbf2e0a000 	C:\WINDOWS\System32\msvcp_win.dll
0x00007ffbbbca0000 - 0x00007ffbbbcbe000 	D:\Visual Studio Code\Workspace 1\Java\JDK\Temurin\21.0.9\bin\VCRUNTIME140.dll
0x00007ffbd8c70000 - 0x00007ffbd8f0c000 	C:\WINDOWS\WinSxS\amd64_microsoft.windows.common-controls_6595b64144ccf1df_6.0.22621.6060_none_2712eda17382d24b\COMCTL32.dll
0x00007ffbf3390000 - 0x00007ffbf3437000 	C:\WINDOWS\System32\msvcrt.dll
0x00007ffbf3bb0000 - 0x00007ffbf3be1000 	C:\WINDOWS\System32\IMM32.DLL
0x00007ffbecca0000 - 0x00007ffbeccac000 	D:\Visual Studio Code\Workspace 1\Java\JDK\Temurin\21.0.9\bin\vcruntime140_1.dll
0x00007ffbb9f80000 - 0x00007ffbba00d000 	D:\Visual Studio Code\Workspace 1\Java\JDK\Temurin\21.0.9\bin\msvcp140.dll
0x00007ffb6dfe0000 - 0x00007ffb6ed80000 	D:\Visual Studio Code\Workspace 1\Java\JDK\Temurin\21.0.9\bin\server\jvm.dll
0x00007ffbf2f30000 - 0x00007ffbf2fe1000 	C:\WINDOWS\System32\ADVAPI32.dll
0x00007ffbf35d0000 - 0x00007ffbf3678000 	C:\WINDOWS\System32\sechost.dll
0x00007ffbf24c0000 - 0x00007ffbf24e8000 	C:\WINDOWS\System32\bcrypt.dll
0x00007ffbf3bf0000 - 0x00007ffbf3d08000 	C:\WINDOWS\System32\RPCRT4.dll
0x00007ffbf3d30000 - 0x00007ffbf3da1000 	C:\WINDOWS\System32\WS2_32.dll
0x00007ffbf1530000 - 0x00007ffbf157d000 	C:\WINDOWS\SYSTEM32\POWRPROF.dll
0x00007ffbed6e0000 - 0x00007ffbed714000 	C:\WINDOWS\SYSTEM32\WINMM.dll
0x00007ffbed720000 - 0x00007ffbed72a000 	C:\WINDOWS\SYSTEM32\VERSION.dll
0x00007ffbf1510000 - 0x00007ffbf1523000 	C:\WINDOWS\SYSTEM32\UMPDC.dll
0x00007ffbf13f0000 - 0x00007ffbf1408000 	C:\WINDOWS\SYSTEM32\kernel.appcore.dll
0x00007ffbd08a0000 - 0x00007ffbd08aa000 	D:\Visual Studio Code\Workspace 1\Java\JDK\Temurin\21.0.9\bin\jimage.dll
0x00007ffbefdb0000 - 0x00007ffbeffe3000 	C:\WINDOWS\SYSTEM32\DBGHELP.DLL
0x00007ffbf3db0000 - 0x00007ffbf4141000 	C:\WINDOWS\System32\combase.dll
0x00007ffbf50f0000 - 0x00007ffbf51c8000 	C:\WINDOWS\System32\OLEAUT32.dll
0x00007ffbbd010000 - 0x00007ffbbd042000 	C:\WINDOWS\SYSTEM32\dbgcore.DLL
0x00007ffbf2cf0000 - 0x00007ffbf2d6b000 	C:\WINDOWS\System32\bcryptPrimitives.dll
0x00007ffbbbc90000 - 0x00007ffbbbc9f000 	D:\Visual Studio Code\Workspace 1\Java\JDK\Temurin\21.0.9\bin\instrument.dll
0x00007ffbbbc30000 - 0x00007ffbbbc50000 	D:\Visual Studio Code\Workspace 1\Java\JDK\Temurin\21.0.9\bin\java.dll
0x00007ffbf4850000 - 0x00007ffbf50ec000 	C:\WINDOWS\System32\SHELL32.dll
0x00007ffbf28d0000 - 0x00007ffbf2a0f000 	C:\WINDOWS\System32\wintypes.dll
0x00007ffbf02a0000 - 0x00007ffbf0bba000 	C:\WINDOWS\SYSTEM32\windows.storage.dll
0x00007ffbf3280000 - 0x00007ffbf3384000 	C:\WINDOWS\System32\SHCORE.dll
0x00007ffbf3000000 - 0x00007ffbf3069000 	C:\WINDOWS\System32\shlwapi.dll
0x00007ffbf22d0000 - 0x00007ffbf22f5000 	C:\WINDOWS\SYSTEM32\profapi.dll
0x00007ffba4700000 - 0x00007ffba47d7000 	D:\Visual Studio Code\Workspace 1\Java\JDK\Temurin\21.0.9\bin\jsvml.dll
0x00007ffbbbc20000 - 0x00007ffbbbc30000 	D:\Visual Studio Code\Workspace 1\Java\JDK\Temurin\21.0.9\bin\net.dll
0x00007ffbeab30000 - 0x00007ffbeac5c000 	C:\WINDOWS\SYSTEM32\WINHTTP.dll
0x00007ffbf1950000 - 0x00007ffbf19b9000 	C:\WINDOWS\system32\mswsock.dll
0x00007ffbba830000 - 0x00007ffbba846000 	D:\Visual Studio Code\Workspace 1\Java\JDK\Temurin\21.0.9\bin\nio.dll
0x00007ffbba400000 - 0x00007ffbba418000 	D:\Visual Studio Code\Workspace 1\Java\JDK\Temurin\21.0.9\bin\zip.dll
0x00007ffbb6cb0000 - 0x00007ffbb6cca000 	D:\Jetbrains\IntelliJ IDEA 2024.3.3\bin\breakgen64.dll
0x000001e2465b0000 - 0x000001e2465b3000 	C:\Users\Wayne Kousuke\.openjfx\cache\21.0.4+1\amd64\api-ms-win-core-console-l1-1-0.dll
0x000001e246720000 - 0x000001e246723000 	C:\Users\Wayne Kousuke\.openjfx\cache\21.0.4+1\amd64\api-ms-win-core-console-l1-2-0.dll
0x000001e246730000 - 0x000001e246733000 	C:\Users\Wayne Kousuke\.openjfx\cache\21.0.4+1\amd64\api-ms-win-core-datetime-l1-1-0.dll
0x000001e246740000 - 0x000001e246743000 	C:\Users\Wayne Kousuke\.openjfx\cache\21.0.4+1\amd64\api-ms-win-core-debug-l1-1-0.dll
0x000001e246b50000 - 0x000001e246b53000 	C:\Users\Wayne Kousuke\.openjfx\cache\21.0.4+1\amd64\api-ms-win-core-errorhandling-l1-1-0.dll
0x000001e246b60000 - 0x000001e246b64000 	C:\Users\Wayne Kousuke\.openjfx\cache\21.0.4+1\amd64\api-ms-win-core-file-l1-1-0.dll
0x000001e246b70000 - 0x000001e246b73000 	C:\Users\Wayne Kousuke\.openjfx\cache\21.0.4+1\amd64\api-ms-win-core-file-l1-2-0.dll
0x000001e246b80000 - 0x000001e246b83000 	C:\Users\Wayne Kousuke\.openjfx\cache\21.0.4+1\amd64\api-ms-win-core-file-l2-1-0.dll
0x000001e246b90000 - 0x000001e246b93000 	C:\Users\Wayne Kousuke\.openjfx\cache\21.0.4+1\amd64\api-ms-win-core-handle-l1-1-0.dll
0x000001e246ba0000 - 0x000001e246ba3000 	C:\Users\Wayne Kousuke\.openjfx\cache\21.0.4+1\amd64\api-ms-win-core-heap-l1-1-0.dll
0x000001e246bb0000 - 0x000001e246bb3000 	C:\Users\Wayne Kousuke\.openjfx\cache\21.0.4+1\amd64\api-ms-win-core-interlocked-l1-1-0.dll
0x000001e246bc0000 - 0x000001e246bc3000 	C:\Users\Wayne Kousuke\.openjfx\cache\21.0.4+1\amd64\api-ms-win-core-libraryloader-l1-1-0.dll
0x000001e246bd0000 - 0x000001e246bd3000 	C:\Users\Wayne Kousuke\.openjfx\cache\21.0.4+1\amd64\api-ms-win-core-localization-l1-2-0.dll
0x000001e2490e0000 - 0x000001e2490e3000 	C:\Users\Wayne Kousuke\.openjfx\cache\21.0.4+1\amd64\api-ms-win-core-memory-l1-1-0.dll
0x000001e2490f0000 - 0x000001e2490f3000 	C:\Users\Wayne Kousuke\.openjfx\cache\21.0.4+1\amd64\api-ms-win-core-namedpipe-l1-1-0.dll
0x000001e249100000 - 0x000001e249103000 	C:\Users\Wayne Kousuke\.openjfx\cache\21.0.4+1\amd64\api-ms-win-core-processenvironment-l1-1-0.dll
0x000001e249110000 - 0x000001e249113000 	C:\Users\Wayne Kousuke\.openjfx\cache\21.0.4+1\amd64\api-ms-win-core-processthreads-l1-1-0.dll
0x000001e249120000 - 0x000001e249123000 	C:\Users\Wayne Kousuke\.openjfx\cache\21.0.4+1\amd64\api-ms-win-core-processthreads-l1-1-1.dll
0x000001e249130000 - 0x000001e249133000 	C:\Users\Wayne Kousuke\.openjfx\cache\21.0.4+1\amd64\api-ms-win-core-profile-l1-1-0.dll
0x000001e249140000 - 0x000001e249143000 	C:\Users\Wayne Kousuke\.openjfx\cache\21.0.4+1\amd64\api-ms-win-core-rtlsupport-l1-1-0.dll
0x000001e249150000 - 0x000001e249153000 	C:\Users\Wayne Kousuke\.openjfx\cache\21.0.4+1\amd64\api-ms-win-core-string-l1-1-0.dll
0x000001e249180000 - 0x000001e249183000 	C:\Users\Wayne Kousuke\.openjfx\cache\21.0.4+1\amd64\api-ms-win-core-synch-l1-1-0.dll
0x000001e249170000 - 0x000001e249173000 	C:\Users\Wayne Kousuke\.openjfx\cache\21.0.4+1\amd64\api-ms-win-core-synch-l1-2-0.dll
0x000001e249160000 - 0x000001e249163000 	C:\Users\Wayne Kousuke\.openjfx\cache\21.0.4+1\amd64\api-ms-win-core-sysinfo-l1-1-0.dll
0x000001e2688e0000 - 0x000001e2688e3000 	C:\Users\Wayne Kousuke\.openjfx\cache\21.0.4+1\amd64\api-ms-win-core-timezone-l1-1-0.dll
0x000001e268a00000 - 0x000001e268a03000 	C:\Users\Wayne Kousuke\.openjfx\cache\21.0.4+1\amd64\api-ms-win-core-util-l1-1-0.dll
0x000001e268a10000 - 0x000001e268a13000 	C:\Users\Wayne Kousuke\.openjfx\cache\21.0.4+1\amd64\api-ms-win-crt-conio-l1-1-0.dll
0x000001e268a20000 - 0x000001e268a24000 	C:\Users\Wayne Kousuke\.openjfx\cache\21.0.4+1\amd64\api-ms-win-crt-convert-l1-1-0.dll
0x000001e268a30000 - 0x000001e268a33000 	C:\Users\Wayne Kousuke\.openjfx\cache\21.0.4+1\amd64\api-ms-win-crt-environment-l1-1-0.dll
0x000001e268a40000 - 0x000001e268a43000 	C:\Users\Wayne Kousuke\.openjfx\cache\21.0.4+1\amd64\api-ms-win-crt-filesystem-l1-1-0.dll
0x000001e268a50000 - 0x000001e268a53000 	C:\Users\Wayne Kousuke\.openjfx\cache\21.0.4+1\amd64\api-ms-win-crt-heap-l1-1-0.dll
0x000001e268a60000 - 0x000001e268a63000 	C:\Users\Wayne Kousuke\.openjfx\cache\21.0.4+1\amd64\api-ms-win-crt-locale-l1-1-0.dll
0x000001e268a70000 - 0x000001e268a75000 	C:\Users\Wayne Kousuke\.openjfx\cache\21.0.4+1\amd64\api-ms-win-crt-math-l1-1-0.dll
0x000001e268a80000 - 0x000001e268a85000 	C:\Users\Wayne Kousuke\.openjfx\cache\21.0.4+1\amd64\api-ms-win-crt-multibyte-l1-1-0.dll
0x000001e268a90000 - 0x000001e268aa0000 	C:\Users\Wayne Kousuke\.openjfx\cache\21.0.4+1\amd64\api-ms-win-crt-private-l1-1-0.dll
0x000001e268910000 - 0x000001e268913000 	C:\Users\Wayne Kousuke\.openjfx\cache\21.0.4+1\amd64\api-ms-win-crt-process-l1-1-0.dll
0x000001e2688f0000 - 0x000001e2688f4000 	C:\Users\Wayne Kousuke\.openjfx\cache\21.0.4+1\amd64\api-ms-win-crt-runtime-l1-1-0.dll
0x000001e268900000 - 0x000001e268904000 	C:\Users\Wayne Kousuke\.openjfx\cache\21.0.4+1\amd64\api-ms-win-crt-stdio-l1-1-0.dll
0x000001e268920000 - 0x000001e268924000 	C:\Users\Wayne Kousuke\.openjfx\cache\21.0.4+1\amd64\api-ms-win-crt-string-l1-1-0.dll
0x000001e268930000 - 0x000001e268933000 	C:\Users\Wayne Kousuke\.openjfx\cache\21.0.4+1\amd64\api-ms-win-crt-time-l1-1-0.dll
0x000001e268940000 - 0x000001e268943000 	C:\Users\Wayne Kousuke\.openjfx\cache\21.0.4+1\amd64\api-ms-win-crt-utility-l1-1-0.dll
0x00007ffbf0e90000 - 0x00007ffbf0f88000 	C:\WINDOWS\SYSTEM32\DNSAPI.dll
0x00007ffbf0e60000 - 0x00007ffbf0e8d000 	C:\WINDOWS\SYSTEM32\IPHLPAPI.DLL
0x00007ffbf3440000 - 0x00007ffbf3449000 	C:\WINDOWS\System32\NSI.dll
0x00007ffba4520000 - 0x00007ffba461c000 	C:\Users\Wayne Kousuke\.openjfx\cache\21.0.4+1\amd64\ucrtbase.dll
0x00007ffbea340000 - 0x00007ffbea34a000 	C:\Windows\System32\rasadhlp.dll
0x00007ffbea630000 - 0x00007ffbea6b4000 	C:\WINDOWS\System32\fwpuclnt.dll
0x00007ffbb6820000 - 0x00007ffbb683b000 	C:\Users\Wayne Kousuke\.openjfx\cache\21.0.4+1\amd64\vcruntime140.dll
0x00007ffbba3e0000 - 0x00007ffbba3ea000 	D:\Visual Studio Code\Workspace 1\Java\JDK\Temurin\21.0.9\bin\management.dll
0x00007ffbb6c80000 - 0x00007ffbb6c8c000 	C:\Users\Wayne Kousuke\.openjfx\cache\21.0.4+1\amd64\vcruntime140_1.dll
0x00007ffba4490000 - 0x00007ffba451e000 	C:\Users\Wayne Kousuke\.openjfx\cache\21.0.4+1\amd64\msvcp140.dll
0x00007ffbb6c90000 - 0x00007ffbb6c9c000 	D:\Visual Studio Code\Workspace 1\Java\JDK\Temurin\21.0.9\bin\management_ext.dll
0x00007ffbf43c0000 - 0x00007ffbf43c8000 	C:\WINDOWS\System32\PSAPI.DLL
0x00007ffbb6be0000 - 0x00007ffbb6be9000 	C:\Users\Wayne Kousuke\.openjfx\cache\21.0.4+1\amd64\msvcp140_1.dll
0x00007ffba4440000 - 0x00007ffba4481000 	C:\Users\Wayne Kousuke\.openjfx\cache\21.0.4+1\amd64\msvcp140_2.dll
0x00007ffbb6380000 - 0x00007ffbb63b0000 	C:\Users\Wayne Kousuke\.openjfx\cache\21.0.4+1\amd64\prism_d3d.dll
0x00007ffb64960000 - 0x00007ffb64b08000 	C:\WINDOWS\system32\d3d9.dll
0x00007ffbefa30000 - 0x00007ffbefa5b000 	C:\WINDOWS\SYSTEM32\dwmapi.dll
0x00007ffbef6f0000 - 0x00007ffbef727000 	C:\WINDOWS\SYSTEM32\dxcore.dll
0x00007ffbef5e0000 - 0x00007ffbef693000 	C:\WINDOWS\system32\uxtheme.dll
0x00007ffbea5e0000 - 0x00007ffbea629000 	C:\WINDOWS\SYSTEM32\directxdatabasehelper.dll
0x00007ffbf1c00000 - 0x00007ffbf1c12000 	C:\WINDOWS\SYSTEM32\msasn1.dll
0x00007ffbea7f0000 - 0x00007ffbea822000 	C:\WINDOWS\SYSTEM32\cryptnet.dll
0x00007ffbf2b80000 - 0x00007ffbf2ce8000 	C:\WINDOWS\System32\CRYPT32.dll
0x00007ffbf1ba0000 - 0x00007ffbf1bac000 	C:\WINDOWS\SYSTEM32\cryptbase.dll
0x00007ffbf2a10000 - 0x00007ffbf2a8c000 	C:\WINDOWS\System32\wintrust.dll
0x00007ffbf3ac0000 - 0x00007ffbf3adf000 	C:\WINDOWS\System32\imagehlp.dll
0x00007ffbf1bb0000 - 0x00007ffbf1bcb000 	C:\WINDOWS\SYSTEM32\CRYPTSP.dll
0x00007ffbf1350000 - 0x00007ffbf1387000 	C:\WINDOWS\system32\rsaenh.dll
0x00007ffbf1a40000 - 0x00007ffbf1a68000 	C:\WINDOWS\SYSTEM32\USERENV.dll
0x00007ffbad3b0000 - 0x00007ffbad3c7000 	C:\WINDOWS\system32\napinsp.dll
0x00007ffbad390000 - 0x00007ffbad3ab000 	C:\WINDOWS\system32\pnrpnsp.dll
0x00007ffbabff0000 - 0x00007ffbac001000 	C:\WINDOWS\System32\winrnr.dll
0x00007ffbeaaf0000 - 0x00007ffbeab05000 	C:\WINDOWS\system32\wshbth.dll
0x00007ffbabfc0000 - 0x00007ffbabfe1000 	C:\WINDOWS\system32\nlansp_c.dll
0x00007ffba43f0000 - 0x00007ffba4432000 	C:\Users\Wayne Kousuke\.openjfx\cache\21.0.4+1\amd64\glass.dll
0x00007ffbf34c0000 - 0x00007ffbf35c3000 	C:\WINDOWS\System32\COMDLG32.dll

JVMTI agents:
D:\Jetbrains\IntelliJ IDEA 2024.3.3\lib\idea_rt.jar path:D:\Visual Studio Code\Workspace 1\Java\JDK\Temurin\21.0.9\bin\instrument.dll, loaded, initialized, instrumentlib options:61201:D:\Jetbrains\IntelliJ IDEA 2024.3.3\bin

dbghelp: loaded successfully - version: 4.0.5 - missing functions: none
symbol engine: initialized successfully - sym options: 0x614 - pdb path: .;D:\Visual Studio Code\Workspace 1\Java\JDK\Temurin\21.0.9\bin;C:\WINDOWS\SYSTEM32;C:\Program Files\Bitdefender\Bitdefender Security\bdhkm\dlls_268005067570918811;C:\Program Files\Bitdefender\Bitdefender Security\atcuf\dlls_268005067343141493;C:\WINDOWS\WinSxS\amd64_microsoft.windows.common-controls_6595b64144ccf1df_6.0.22621.6060_none_2712eda17382d24b;D:\Visual Studio Code\Workspace 1\Java\JDK\Temurin\21.0.9\bin\server;D:\Jetbrains\IntelliJ IDEA 2024.3.3\bin;C:\Users\Wayne Kousuke\.openjfx\cache\21.0.4+1\amd64;C:\WINDOWS\System32\DriverStore\FileRepository\nvaci.inf_amd64_4ce16b5a91c6fbac;C:\WINDOWS\System32\DriverStore\FileRepository\iigd_dch.inf_amd64_dc29bdfd478be046;C:\Program Files\Common Files\Microsoft Shared\Ink

VM Arguments:
jvm_args: -javaagent:D:\Jetbrains\IntelliJ IDEA 2024.3.3\lib\idea_rt.jar=61201:D:\Jetbrains\IntelliJ IDEA 2024.3.3\bin -Dfile.encoding=UTF-8 -Dsun.stdout.encoding=UTF-8 -Dsun.stderr.encoding=UTF-8 --module-path=D:\Visual Studio Code\Workspace 1\Java\CIS 2103\GradeMaster_v0.2\grademaster-client\target\classes;C:\Users\Wayne Kousuke\.m2\repository\com\google\code\gson\gson\2.11.0\gson-2.11.0.jar;C:\Users\Wayne Kousuke\.m2\repository\org\openjfx\javafx-base\21.0.4\javafx-base-21.0.4-win.jar;C:\Users\Wayne Kousuke\.m2\repository\org\openjfx\javafx-graphics\21.0.4\javafx-graphics-21.0.4-win.jar;C:\Users\Wayne Kousuke\.m2\repository\com\google\errorprone\error_prone_annotations\2.27.0\error_prone_annotations-2.27.0.jar;C:\Users\Wayne Kousuke\.m2\repository\org\kordamp\ikonli\ikonli-fontawesome5-pack\12.3.1\ikonli-fontawesome5-pack-12.3.1.jar;C:\Users\Wayne Kousuke\.m2\repository\org\kordamp\ikonli\ikonli-core\12.3.1\ikonli-core-12.3.1.jar;C:\Users\Wayne Kousuke\.m2\repository\org\openjfx\javafx-controls\21.0.4\javafx-controls-21.0.4-win.jar;C:\Users\Wayne Kousuke\.m2\repository\org\kordamp\ikonli\ikonli-javafx\12.3.1\ikonli-javafx-12.3.1.jar -Djdk.module.main=grademaster.client 
java_command: grademaster.client/org.grademaster.Main
java_class_path (initial): C:\Users\Wayne Kousuke\.m2\repository\org\openjfx\javafx-controls\21.0.4\javafx-controls-21.0.4.jar;C:\Users\Wayne Kousuke\.m2\repository\org\openjfx\javafx-graphics\21.0.4\javafx-graphics-21.0.4.jar;C:\Users\Wayne Kousuke\.m2\repository\org\openjfx\javafx-base\21.0.4\javafx-base-21.0.4.jar
Launcher Type: SUN_STANDARD

[Global flags]
     intx CICompilerCount                          = 4                                         {product} {ergonomic}
     uint ConcGCThreads                            = 2                                         {product} {ergonomic}
     uint G1ConcRefinementThreads                  = 8                                         {product} {ergonomic}
   size_t G1HeapRegionSize                         = 2097152                                   {product} {ergonomic}
    uintx GCDrainStackTargetSize                   = 64                                        {product} {ergonomic}
   size_t InitialHeapSize                          = 266338304                                 {product} {ergonomic}
   size_t MarkStackSize                            = 4194304                                   {product} {ergonomic}
   size_t MaxHeapSize                              = 4250927104                                {product} {ergonomic}
   size_t MaxNewSize                               = 2550136832                                {product} {ergonomic}
   size_t MinHeapDeltaBytes                        = 2097152                                   {product} {ergonomic}
   size_t MinHeapSize                              = 8388608                                   {product} {ergonomic}
    uintx NonNMethodCodeHeapSize                   = 5839372                                {pd product} {ergonomic}
    uintx NonProfiledCodeHeapSize                  = 122909434                              {pd product} {ergonomic}
    uintx ProfiledCodeHeapSize                     = 122909434                              {pd product} {ergonomic}
    uintx ReservedCodeCacheSize                    = 251658240                              {pd product} {ergonomic}
     bool SegmentedCodeCache                       = true                                      {product} {ergonomic}
   size_t SoftMaxHeapSize                          = 4250927104                             {manageable} {ergonomic}
     bool UseCompressedOops                        = true                           {product lp64_product} {ergonomic}
     bool UseG1GC                                  = true                                      {product} {ergonomic}
     bool UseLargePagesIndividualAllocation        = false                                  {pd product} {ergonomic}

Logging:
Log output configuration:
 #0: stdout all=off uptime,level,tags foldmultilines=false
 #1: stderr all=off uptime,level,tags foldmultilines=false

Release file:
IMPLEMENTOR="Eclipse Adoptium" 
IMPLEMENTOR_VERSION="Temurin-21.0.9+10" 
JAVA_RUNTIME_VERSION="21.0.9+10-LTS" 
JAVA_VERSION="21.0.9" 
JAVA_VERSION_DATE="2025-10-21" 
LIBC="default" 
MODULES="java.base java.compiler java.datatransfer java.xml java.prefs java.desktop java.instrument java.logging java.management java.security.sasl java.naming java.rmi java.management.rmi java.net.http java.scripting java.security.jgss java.transaction.xa java.sql java.sql.rowset java.xml.crypto java.se java.smartcardio jdk.accessibility jdk.internal.jvmstat jdk.attach jdk.charsets jdk.internal.opt jdk.zipfs jdk.compiler jdk.crypto.ec jdk.crypto.cryptoki jdk.crypto.mscapi jdk.dynalink jdk.internal.ed jdk.editpad jdk.hotspot.agent jdk.httpserver jdk.incubator.vector jdk.internal.le jdk.internal.vm.ci jdk.internal.vm.compiler jdk.internal.vm.compiler.management jdk.jartool jdk.javadoc jdk.jcmd jdk.management jdk.management.agent jdk.jconsole jdk.jdeps jdk.jdwp.agent jdk.jdi jdk.jfr jdk.jlink jdk.jpackage jdk.jshell jdk.jsobject jdk.jstatd jdk.localedata jdk.management.jfr jdk.naming.dns jdk.naming.rmi jdk.net jdk.nio.mapmode jdk.random jdk.sctp jdk.security.auth jdk.security.jgss jdk.unsupported jdk.unsupported.desktop jdk.xml.dom" 
OS_ARCH="x86_64" 
OS_NAME="Windows" 
SOURCE=".:git:759062135b07" 
BUILD_SOURCE="git:839fa0b45d809157cffd3dc8515aad262a4a1776"
BUILD_SOURCE_REPO="https://github.com/adoptium/temurin-build.git"
SOURCE_REPO="https://github.com/adoptium/jdk21u.git"
FULL_VERSION="21.0.9+10-LTS"
SEMANTIC_VERSION="21.0.9+10"
BUILD_INFO="OS: Windows Server 2022 Version: 10.0"
JVM_VARIANT="Hotspot"
JVM_VERSION="21.0.9+10-LTS"
IMAGE_TYPE="JDK"

Environment Variables:
PATH=C:\Program Files (x86)\Common Files\Intel\Shared Libraries\redist\intel64_win\compiler;C:\Python312\Scripts\;C:\Python312\;C:\Program Files (x86)\Common Files\Oracle\Java\javapath;C:\ProgramData\Oracle\Java\javapath;C:\Windows\system32;C:\Windows;C:\Windows\System32\Wbem;C:\Windows\System32\WindowsPowerShell\v1.0\;C:\Windows\System32\OpenSSH\;C:\Program Files (x86)\NVIDIA Corporation\PhysX\Common;C:\Program Files\dotnet\;C:\WINDOWS\system32;C:\WINDOWS;C:\WINDOWS\System32\Wbem;C:\WINDOWS\System32\WindowsPowerShell\v1.0\;C:\WINDOWS\System32\OpenSSH\;C:\ProgramData\chocolatey\bin;D:\Visual Studio Code\Github CLI\;D:\Visual Studio Code\Git\Git\cmd;C:\Program Files\NVIDIA Corporation\NVIDIA app\NvDLISR;D:\msys64\mingw64\bin;D:\Visual Studio Code\Microsoft VS Code\;D:\Visual Studio Code\Dependencies\Exiftool;D:\Visual Studio Code\Dependencies\Jq;D:\Node.js\;C:\Program Files\Microsoft SQL Server\Client SDK\ODBC\180\Tools\Binn\;C:\Program Files\Microsoft SQL Server\170\DTS\Binn\;C:\Program Files\Microsoft SQL Server\Client SDK\ODBC\170\Tools\Binn\;C:\Program Files\Microsoft SQL Server\150\DTS\Binn\;C:\Program Files\Microsoft SQL Server\160\DTS\Binn\;C:\Program Files\Microsoft SQL Server\130\DTS\Binn\;C:\Program Files\Microsoft SQL Server\140\DTS\Binn\;C:\Program Files (x86)\Microsoft SQL Server\150\Tools\Binn\;C:\Program Files\Microsoft SQL Server\150\Tools\Binn\;C:\Program Files (x86)\Microsoft SQL Server\150\DTS\Binn\;C:\Users\Wayne Kousuke\AppData\Local\Programs\Python\Launcher\;C:\Users\Wayne Kousuke\AppData\Local\Microsoft\WindowsApps;C:\Users\Wayne Kousuke\AppData\Local\spicetify;D:\Visual Studio Code\Microsoft VS Code\bin;D:\msys64\ucrt64\bin;C:\Users\Wayne Kousuke\AppData\Local\GitHubDesktop\bin;D:\Jetbrains\IntelliJ IDEA 2024.3.3\bin;;C:\Users\Wayne Kousuke\AppData\Roaming\npm
USERNAME=Wayne Kousuke
OS=Windows_NT
PROCESSOR_IDENTIFIER=Intel64 Family 6 Model 165 Stepping 2, GenuineIntel
TMP=C:\Users\WAYNEK~1\AppData\Local\Temp
TEMP=C:\Users\WAYNEK~1\AppData\Local\Temp




Periodic native trim disabled

---------------  S Y S T E M  ---------------

OS:
 Windows 11 , 64 bit Build 22621 (10.0.22621.5415)
OS uptime: 0 days 11:10 hours

CPU: total 8 (initial active 8) (4 cores per cpu, 2 threads per core) family 6 model 165 stepping 2 microcode 0xea, cx8, cmov, fxsr, ht, mmx, 3dnowpref, sse, sse2, sse3, ssse3, sse4.1, sse4.2, popcnt, lzcnt, tsc, tscinvbit, avx, avx2, aes, erms, clmul, bmi1, bmi2, adx, fma, vzeroupper, clflush, clflushopt, rdtscp, f16c, pku
Processor Information for the first 8 processors :
  Max Mhz: 2496, Current Mhz: 2496, Mhz Limit: 2496

Memory: 4k page, system-wide physical 16215M (3147M free)
TotalPageFile size 21335M (AvailPageFile size 2635M)
current process WorkingSet (physical memory assigned to process): 172M, peak: 220M
current process commit charge ("private bytes"): 261M, peak: 521M

vm_info: OpenJDK 64-Bit Server VM (21.0.9+10-LTS) for windows-amd64 JRE (21.0.9+10-LTS), built on 2025-10-21T00:00:00Z by "admin" with unknown MS VC++:1942

END.
